{"meta": {"format": 3, "version": "7.13.5", "timestamp": "2026-04-14T13:26:09.778024", "branch_coverage": false, "show_contexts": false}, "files": {"src/georeel/__init__.py": {"executed_lines": [], "summary": {"covered_lines": 0, "num_statements": 0, "percent_covered": 100.0, "percent_covered_display": "100", "missing_lines": 0, "excluded_lines": 0, "percent_statements_covered": 100.0, "percent_statements_covered_display": "100"}, "missing_lines": [], "excluded_lines": [], "functions": {"": {"executed_lines": [], "summary": {"covered_lines": 0, "num_statements": 0, "percent_covered": 100.0, "percent_covered_display": "100", "missing_lines": 0, "excluded_lines": 0, "percent_statements_covered": 100.0, "percent_statements_covered_display": "100"}, "missing_lines": [], "excluded_lines": [], "start_line": 1}}, "classes": {"": {"executed_lines": [], "summary": {"covered_lines": 0, "num_statements": 0, "percent_covered": 100.0, "percent_covered_display": "100", "missing_lines": 0, "excluded_lines": 0, "percent_statements_covered": 100.0, "percent_statements_covered_display": "100"}, "missing_lines": [], "excluded_lines": [], "start_line": 1}}}, "src/georeel/core/__init__.py": {"executed_lines": [], "summary": {"covered_lines": 0, "num_statements": 0, "percent_covered": 100.0, "percent_covered_display": "100", "missing_lines": 0, "excluded_lines": 0, "percent_statements_covered": 100.0, "percent_statements_covered_display": "100"}, "missing_lines": [], "excluded_lines": [], "functions": {"": {"executed_lines": [], "summary": {"covered_lines": 0, "num_statements": 0, "percent_covered": 100.0, "percent_covered_display": "100", "missing_lines": 0, "excluded_lines": 0, "percent_statements_covered": 100.0, "percent_statements_covered_display": "100"}, "missing_lines": [], "excluded_lines": [], "start_line": 1}}, "classes": {"": {"executed_lines": [], "summary": {"covered_lines": 0, "num_statements": 0, "percent_covered": 100.0, "percent_covered_display": "100", "missing_lines": 0, "excluded_lines": 0, "percent_statements_covered": 100.0, "percent_statements_covered_display": "100"}, "missing_lines": [], "excluded_lines": [], "start_line": 1}}}, "src/georeel/core/blender_runtime.py": {"executed_lines": [1, 2, 3, 4, 5, 6, 7, 8, 9, 16, 17, 23, 29, 31, 38, 40, 41, 42, 43, 44, 45, 48, 49, 50, 51, 52, 53, 54, 57, 58, 59, 60, 61, 62, 63, 66, 67, 68, 69, 70, 71, 78, 80, 82, 83, 85, 86, 87, 88, 90, 91, 92, 94, 95, 96, 97, 100, 102, 103, 108, 109, 110, 117, 118, 121, 122, 125], "summary": {"covered_lines": 67, "num_statements": 106, "percent_covered": 63.20754716981132, "percent_covered_display": "63", "missing_lines": 39, "excluded_lines": 0, "percent_statements_covered": 63.20754716981132, "percent_statements_covered_display": "63"}, "missing_lines": [131, 133, 134, 135, 141, 142, 143, 144, 145, 148, 149, 150, 151, 152, 153, 154, 155, 156, 157, 158, 159, 160, 161, 162, 163, 164, 167, 168, 169, 170, 172, 173, 174, 175, 177, 179, 180, 181, 183], "excluded_lines": [], "functions": {"_platform_bits": {"executed_lines": [40, 41, 42, 43, 44, 45], "summary": {"covered_lines": 6, "num_statements": 6, "percent_covered": 100.0, "percent_covered_display": "100", "missing_lines": 0, "excluded_lines": 0, "percent_statements_covered": 100.0, "percent_statements_covered_display": "100"}, "missing_lines": [], "excluded_lines": [], "start_line": 38}, "data_dir": {"executed_lines": [49, 50, 51, 52, 53, 54], "summary": {"covered_lines": 6, "num_statements": 6, "percent_covered": 100.0, "percent_covered_display": "100", "missing_lines": 0, "excluded_lines": 0, "percent_statements_covered": 100.0, "percent_statements_covered_display": "100"}, "missing_lines": [], "excluded_lines": [], "start_line": 48}, "portable_executable": {"executed_lines": [58, 59, 60, 61, 62, 63], "summary": {"covered_lines": 6, "num_statements": 6, "percent_covered": 100.0, "percent_covered_display": "100", "missing_lines": 0, "excluded_lines": 0, "percent_statements_covered": 100.0, "percent_statements_covered_display": "100"}, "missing_lines": [], "excluded_lines": [], "start_line": 57}, "download_url": {"executed_lines": [67, 68, 69, 70, 71], "summary": {"covered_lines": 5, "num_statements": 5, "percent_covered": 100.0, "percent_covered_display": "100", "missing_lines": 0, "excluded_lines": 0, "percent_statements_covered": 100.0, "percent_statements_covered_display": "100"}, "missing_lines": [], "excluded_lines": [], "start_line": 66}, "find_blender": {"executed_lines": [80, 82, 83, 85, 86, 87, 88, 90, 91, 92, 94, 95, 96, 97], "summary": {"covered_lines": 14, "num_statements": 14, "percent_covered": 100.0, "percent_covered_display": "100", "missing_lines": 0, "excluded_lines": 0, "percent_statements_covered": 100.0, "percent_statements_covered_display": "100"}, "missing_lines": [], "excluded_lines": [], "start_line": 78}, "query_version": {"executed_lines": [102, 103, 108, 109, 110], "summary": {"covered_lines": 5, "num_statements": 5, "percent_covered": 100.0, "percent_covered_display": "100", "missing_lines": 0, "excluded_lines": 0, "percent_statements_covered": 100.0, "percent_statements_covered_display": "100"}, "missing_lines": [], "excluded_lines": [], "start_line": 100}, "download_blender": {"executed_lines": [], "summary": {"covered_lines": 0, "num_statements": 39, "percent_covered": 0.0, "percent_covered_display": "0", "missing_lines": 39, "excluded_lines": 0, "percent_statements_covered": 0.0, "percent_statements_covered_display": "0"}, "missing_lines": [131, 133, 134, 135, 141, 142, 143, 144, 145, 148, 149, 150, 151, 152, 153, 154, 155, 156, 157, 158, 159, 160, 161, 162, 163, 164, 167, 168, 169, 170, 172, 173, 174, 175, 177, 179, 180, 181, 183], "excluded_lines": [], "start_line": 125}, "": {"executed_lines": [1, 2, 3, 4, 5, 6, 7, 8, 9, 16, 17, 23, 29, 31, 38, 48, 57, 66, 78, 100, 117, 118, 121, 122, 125], "summary": {"covered_lines": 25, "num_statements": 25, "percent_covered": 100.0, "percent_covered_display": "100", "missing_lines": 0, "excluded_lines": 0, "percent_statements_covered": 100.0, "percent_statements_covered_display": "100"}, "missing_lines": [], "excluded_lines": [], "start_line": 1}}, "classes": {"BlenderVersion": {"executed_lines": [], "summary": {"covered_lines": 0, "num_statements": 0, "percent_covered": 100.0, "percent_covered_display": "100", "missing_lines": 0, "excluded_lines": 0, "percent_statements_covered": 100.0, "percent_statements_covered_display": "100"}, "missing_lines": [], "excluded_lines": [], "start_line": 17}, "BlenderDownloadError": {"executed_lines": [], "summary": {"covered_lines": 0, "num_statements": 0, "percent_covered": 100.0, "percent_covered_display": "100", "missing_lines": 0, "excluded_lines": 0, "percent_statements_covered": 100.0, "percent_statements_covered_display": "100"}, "missing_lines": [], "excluded_lines": [], "start_line": 117}, "BlenderPlatformError": {"executed_lines": [], "summary": {"covered_lines": 0, "num_statements": 0, "percent_covered": 100.0, "percent_covered_display": "100", "missing_lines": 0, "excluded_lines": 0, "percent_statements_covered": 100.0, "percent_statements_covered_display": "100"}, "missing_lines": [], "excluded_lines": [], "start_line": 121}, "": {"executed_lines": [1, 2, 3, 4, 5, 6, 7, 8, 9, 16, 17, 23, 29, 31, 38, 40, 41, 42, 43, 44, 45, 48, 49, 50, 51, 52, 53, 54, 57, 58, 59, 60, 61, 62, 63, 66, 67, 68, 69, 70, 71, 78, 80, 82, 83, 85, 86, 87, 88, 90, 91, 92, 94, 95, 96, 97, 100, 102, 103, 108, 109, 110, 117, 118, 121, 122, 125], "summary": {"covered_lines": 67, "num_statements": 106, "percent_covered": 63.20754716981132, "percent_covered_display": "63", "missing_lines": 39, "excluded_lines": 0, "percent_statements_covered": 63.20754716981132, "percent_statements_covered_display": "63"}, "missing_lines": [131, 133, 134, 135, 141, 142, 143, 144, 145, 148, 149, 150, 151, 152, 153, 154, 155, 156, 157, 158, 159, 160, 161, 162, 163, 164, 167, 168, 169, 170, 172, 173, 174, 175, 177, 179, 180, 181, 183], "excluded_lines": [], "start_line": 1}}}, "src/georeel/core/bounding_box.py": {"executed_lines": [1, 2, 4, 7, 8, 14, 16, 17, 18, 19, 26, 27], "summary": {"covered_lines": 12, "num_statements": 12, "percent_covered": 100.0, "percent_covered_display": "100", "missing_lines": 0, "excluded_lines": 0, "percent_statements_covered": 100.0, "percent_statements_covered_display": "100"}, "missing_lines": [], "excluded_lines": [], "functions": {"BoundingBox.expand": {"executed_lines": [16, 17, 18, 19], "summary": {"covered_lines": 4, "num_statements": 4, "percent_covered": 100.0, "percent_covered_display": "100", "missing_lines": 0, "excluded_lines": 0, "percent_statements_covered": 100.0, "percent_statements_covered_display": "100"}, "missing_lines": [], "excluded_lines": [], "start_line": 14}, "BoundingBox.__str__": {"executed_lines": [27], "summary": {"covered_lines": 1, "num_statements": 1, "percent_covered": 100.0, "percent_covered_display": "100", "missing_lines": 0, "excluded_lines": 0, "percent_statements_covered": 100.0, "percent_statements_covered_display": "100"}, "missing_lines": [], "excluded_lines": [], "start_line": 26}, "": {"executed_lines": [1, 2, 4, 7, 8, 14, 26], "summary": {"covered_lines": 7, "num_statements": 7, "percent_covered": 100.0, "percent_covered_display": "100", "missing_lines": 0, "excluded_lines": 0, "percent_statements_covered": 100.0, "percent_statements_covered_display": "100"}, "missing_lines": [], "excluded_lines": [], "start_line": 1}}, "classes": {"BoundingBox": {"executed_lines": [16, 17, 18, 19, 27], "summary": {"covered_lines": 5, "num_statements": 5, "percent_covered": 100.0, "percent_covered_display": "100", "missing_lines": 0, "excluded_lines": 0, "percent_statements_covered": 100.0, "percent_statements_covered_display": "100"}, "missing_lines": [], "excluded_lines": [], "start_line": 8}, "": {"executed_lines": [1, 2, 4, 7, 8, 14, 26], "summary": {"covered_lines": 7, "num_statements": 7, "percent_covered": 100.0, "percent_covered_display": "100", "missing_lines": 0, "excluded_lines": 0, "percent_statements_covered": 100.0, "percent_statements_covered_display": "100"}, "missing_lines": [], "excluded_lines": [], "start_line": 1}}}, "src/georeel/core/camera_keyframe.py": {"executed_lines": [1, 4, 5, 24, 25], "summary": {"covered_lines": 5, "num_statements": 5, "percent_covered": 100.0, "percent_covered_display": "100", "missing_lines": 0, "excluded_lines": 0, "percent_statements_covered": 100.0, "percent_statements_covered_display": "100"}, "missing_lines": [], "excluded_lines": [], "functions": {"": {"executed_lines": [1, 4, 5, 24, 25], "summary": {"covered_lines": 5, "num_statements": 5, "percent_covered": 100.0, "percent_covered_display": "100", "missing_lines": 0, "excluded_lines": 0, "percent_statements_covered": 100.0, "percent_statements_covered_display": "100"}, "missing_lines": [], "excluded_lines": [], "start_line": 1}}, "classes": {"CameraKeyframe": {"executed_lines": [], "summary": {"covered_lines": 0, "num_statements": 0, "percent_covered": 100.0, "percent_covered_display": "100", "missing_lines": 0, "excluded_lines": 0, "percent_statements_covered": 100.0, "percent_statements_covered_display": "100"}, "missing_lines": [], "excluded_lines": [], "start_line": 5}, "": {"executed_lines": [1, 4, 5, 24, 25], "summary": {"covered_lines": 5, "num_statements": 5, "percent_covered": 100.0, "percent_covered_display": "100", "missing_lines": 0, "excluded_lines": 0, "percent_statements_covered": 100.0, "percent_statements_covered_display": "100"}, "missing_lines": [], "excluded_lines": [], "start_line": 1}}}, "src/georeel/core/camera_path.py": {"executed_lines": [13, 14, 15, 16, 17, 19, 20, 21, 22, 24, 27, 36, 39, 40, 41, 42, 43, 47, 50, 53, 54, 61, 341, 343, 344, 345, 348, 349, 350, 357, 358, 359, 361, 362, 363, 365, 366, 368, 369, 370, 372, 374, 375, 376, 377, 379, 386, 390, 391, 392, 393, 395, 396, 399, 421, 423, 424, 425, 430, 437, 450, 451, 454, 455, 456, 457, 458, 459, 461, 462, 466, 468, 469, 472, 476, 477, 478, 480, 481, 482, 483, 484, 486, 487, 488, 489, 490, 491, 492, 494, 498, 500, 501, 502, 503, 505, 506, 507, 508, 509, 510, 511, 512, 513, 514, 516, 517, 518, 519, 520, 521, 522, 523, 528, 529, 541, 544, 550, 551, 552, 553, 554, 555, 556, 558, 559, 561, 562, 563, 564, 565, 568, 569, 570, 571, 572, 573, 574, 577, 585, 587, 601], "summary": {"covered_lines": 142, "num_statements": 336, "percent_covered": 42.26190476190476, "percent_covered_display": "42", "missing_lines": 194, "excluded_lines": 0, "percent_statements_covered": 42.26190476190476, "percent_statements_covered_display": "42"}, "missing_lines": [29, 30, 31, 32, 33, 37, 71, 72, 73, 74, 76, 78, 79, 80, 81, 82, 83, 84, 85, 86, 87, 88, 92, 95, 96, 97, 103, 104, 105, 106, 108, 113, 114, 115, 122, 123, 124, 126, 128, 129, 131, 132, 140, 141, 143, 146, 147, 148, 150, 158, 159, 160, 161, 162, 163, 164, 165, 171, 172, 173, 180, 181, 186, 187, 188, 189, 194, 195, 196, 197, 199, 200, 202, 208, 211, 213, 219, 221, 222, 223, 225, 231, 232, 233, 234, 235, 236, 239, 241, 253, 254, 260, 261, 263, 264, 265, 267, 268, 269, 270, 271, 272, 273, 274, 275, 276, 277, 278, 279, 280, 282, 284, 285, 286, 287, 288, 294, 295, 296, 297, 298, 299, 300, 301, 303, 315, 316, 318, 324, 325, 332, 334, 406, 407, 408, 409, 410, 412, 417, 418, 495, 530, 531, 532, 533, 536, 537, 538, 539, 575, 610, 612, 613, 614, 616, 617, 618, 619, 620, 621, 622, 623, 625, 626, 627, 629, 630, 633, 634, 635, 636, 637, 638, 641, 642, 643, 644, 645, 646, 647, 648, 658, 659, 660, 665, 666, 667, 668, 669, 670, 672, 675, 676, 678], "excluded_lines": [], "functions": {"_rss_mb": {"executed_lines": [], "summary": {"covered_lines": 0, "num_statements": 5, "percent_covered": 0.0, "percent_covered_display": "0", "missing_lines": 5, "excluded_lines": 0, "percent_statements_covered": 0.0, "percent_statements_covered_display": "0"}, "missing_lines": [29, 30, 31, 32, 33], "excluded_lines": [], "start_line": 27}, "_mem": {"executed_lines": [], "summary": {"covered_lines": 0, "num_statements": 1, "percent_covered": 0.0, "percent_covered_display": "0", "missing_lines": 1, "excluded_lines": 0, "percent_statements_covered": 0.0, "percent_statements_covered_display": "0"}, "missing_lines": [37], "excluded_lines": [], "start_line": 36}, "build_camera_path": {"executed_lines": [], "summary": {"covered_lines": 0, "num_statements": 123, "percent_covered": 0.0, "percent_covered_display": "0", "missing_lines": 123, "excluded_lines": 0, "percent_statements_covered": 0.0, "percent_statements_covered_display": "0"}, "missing_lines": [71, 72, 73, 74, 76, 78, 79, 80, 81, 82, 83, 84, 85, 86, 87, 88, 92, 95, 96, 97, 103, 108, 113, 114, 115, 122, 123, 124, 126, 128, 129, 131, 132, 140, 141, 143, 146, 147, 148, 150, 158, 159, 160, 161, 162, 163, 164, 165, 171, 172, 173, 180, 181, 186, 187, 188, 189, 194, 195, 196, 197, 199, 200, 202, 208, 211, 213, 219, 221, 222, 223, 225, 231, 232, 233, 234, 235, 236, 239, 241, 253, 254, 260, 261, 263, 264, 265, 267, 268, 269, 270, 271, 272, 273, 274, 275, 276, 277, 278, 279, 280, 282, 284, 285, 286, 287, 288, 294, 295, 296, 297, 298, 299, 300, 301, 303, 315, 316, 318, 324, 325, 332, 334], "excluded_lines": [], "start_line": 61}, "build_camera_path._step": {"executed_lines": [], "summary": {"covered_lines": 0, "num_statements": 3, "percent_covered": 0.0, "percent_covered_display": "0", "missing_lines": 3, "excluded_lines": 0, "percent_statements_covered": 0.0, "percent_statements_covered_display": "0"}, "missing_lines": [104, 105, 106], "excluded_lines": [], "start_line": 103}, "_tp_to_xy": {"executed_lines": [343, 344, 345], "summary": {"covered_lines": 3, "num_statements": 3, "percent_covered": 100.0, "percent_covered_display": "100", "missing_lines": 0, "excluded_lines": 0, "percent_statements_covered": 100.0, "percent_statements_covered_display": "100"}, "missing_lines": [], "excluded_lines": [], "start_line": 341}, "_remove_duplicates": {"executed_lines": [349, 350], "summary": {"covered_lines": 2, "num_statements": 2, "percent_covered": 100.0, "percent_covered_display": "100", "missing_lines": 0, "excluded_lines": 0, "percent_statements_covered": 100.0, "percent_statements_covered_display": "100"}, "missing_lines": [], "excluded_lines": [], "start_line": 348}, "_douglas_peucker": {"executed_lines": [358, 359, 361, 362, 363, 365, 366, 368, 369, 370, 372, 374, 375, 376, 377, 379], "summary": {"covered_lines": 16, "num_statements": 16, "percent_covered": 100.0, "percent_covered_display": "100", "missing_lines": 0, "excluded_lines": 0, "percent_statements_covered": 100.0, "percent_statements_covered_display": "100"}, "missing_lines": [], "excluded_lines": [], "start_line": 357}, "_height_at": {"executed_lines": [390, 391, 392, 393, 395, 396], "summary": {"covered_lines": 6, "num_statements": 6, "percent_covered": 100.0, "percent_covered_display": "100", "missing_lines": 0, "excluded_lines": 0, "percent_statements_covered": 100.0, "percent_statements_covered_display": "100"}, "missing_lines": [], "excluded_lines": [], "start_line": 386}, "_height_at_batch": {"executed_lines": [], "summary": {"covered_lines": 0, "num_statements": 8, "percent_covered": 0.0, "percent_covered_display": "0", "missing_lines": 8, "excluded_lines": 0, "percent_statements_covered": 0.0, "percent_statements_covered_display": "0"}, "missing_lines": [406, 407, 408, 409, 410, 412, 417, 418], "excluded_lines": [], "start_line": 399}, "_smooth_elevation": {"executed_lines": [423, 424, 425, 430], "summary": {"covered_lines": 4, "num_statements": 4, "percent_covered": 100.0, "percent_covered_display": "100", "missing_lines": 0, "excluded_lines": 0, "percent_statements_covered": 100.0, "percent_statements_covered_display": "100"}, "missing_lines": [], "excluded_lines": [], "start_line": 421}, "_compute_forward_dirs_tangent": {"executed_lines": [450, 451, 454, 455, 456, 457, 458, 459, 461, 462, 466, 468, 469, 472, 476, 477, 478, 480, 481, 482, 483, 484, 486, 487, 488, 489, 490, 491, 492, 494, 498, 500, 501, 502, 503, 505, 506, 507, 508, 509, 510, 511, 512, 513, 514, 516, 517, 518, 519, 520, 521, 522, 523, 528, 529, 541], "summary": {"covered_lines": 56, "num_statements": 65, "percent_covered": 86.15384615384616, "percent_covered_display": "86", "missing_lines": 9, "excluded_lines": 0, "percent_statements_covered": 86.15384615384616, "percent_statements_covered_display": "86"}, "missing_lines": [495, 530, 531, 532, 533, 536, 537, 538, 539], "excluded_lines": [], "start_line": 437}, "_compute_forward_dirs_spline": {"executed_lines": [550, 551, 552, 553, 554, 555, 556, 558, 559, 561, 562, 563, 564, 565, 568, 569, 570, 571, 572, 573, 574, 577], "summary": {"covered_lines": 22, "num_statements": 23, "percent_covered": 95.65217391304348, "percent_covered_display": "96", "missing_lines": 1, "excluded_lines": 0, "percent_statements_covered": 95.65217391304348, "percent_statements_covered_display": "96"}, "missing_lines": [575], "excluded_lines": [], "start_line": 544}, "_make_pause_block": {"executed_lines": [587], "summary": {"covered_lines": 1, "num_statements": 1, "percent_covered": 100.0, "percent_covered_display": "100", "missing_lines": 0, "excluded_lines": 0, "percent_statements_covered": 100.0, "percent_statements_covered_display": "100"}, "missing_lines": [], "excluded_lines": [], "start_line": 585}, "_insert_pauses": {"executed_lines": [], "summary": {"covered_lines": 0, "num_statements": 44, "percent_covered": 0.0, "percent_covered_display": "0", "missing_lines": 44, "excluded_lines": 0, "percent_statements_covered": 0.0, "percent_statements_covered_display": "0"}, "missing_lines": [610, 612, 613, 614, 616, 617, 618, 619, 620, 621, 622, 623, 625, 626, 627, 629, 630, 633, 634, 635, 636, 637, 638, 641, 642, 643, 644, 645, 646, 647, 648, 658, 659, 660, 665, 666, 667, 668, 669, 670, 672, 675, 676, 678], "excluded_lines": [], "start_line": 601}, "": {"executed_lines": [13, 14, 15, 16, 17, 19, 20, 21, 22, 24, 27, 36, 39, 40, 41, 42, 43, 47, 50, 53, 54, 61, 341, 348, 357, 386, 399, 421, 437, 544, 585, 601], "summary": {"covered_lines": 32, "num_statements": 32, "percent_covered": 100.0, "percent_covered_display": "100", "missing_lines": 0, "excluded_lines": 0, "percent_statements_covered": 100.0, "percent_statements_covered_display": "100"}, "missing_lines": [], "excluded_lines": [], "start_line": 1}}, "classes": {"CameraPathError": {"executed_lines": [], "summary": {"covered_lines": 0, "num_statements": 0, "percent_covered": 100.0, "percent_covered_display": "100", "missing_lines": 0, "excluded_lines": 0, "percent_statements_covered": 100.0, "percent_statements_covered_display": "100"}, "missing_lines": [], "excluded_lines": [], "start_line": 53}, "": {"executed_lines": [13, 14, 15, 16, 17, 19, 20, 21, 22, 24, 27, 36, 39, 40, 41, 42, 43, 47, 50, 53, 54, 61, 341, 343, 344, 345, 348, 349, 350, 357, 358, 359, 361, 362, 363, 365, 366, 368, 369, 370, 372, 374, 375, 376, 377, 379, 386, 390, 391, 392, 393, 395, 396, 399, 421, 423, 424, 425, 430, 437, 450, 451, 454, 455, 456, 457, 458, 459, 461, 462, 466, 468, 469, 472, 476, 477, 478, 480, 481, 482, 483, 484, 486, 487, 488, 489, 490, 491, 492, 494, 498, 500, 501, 502, 503, 505, 506, 507, 508, 509, 510, 511, 512, 513, 514, 516, 517, 518, 519, 520, 521, 522, 523, 528, 529, 541, 544, 550, 551, 552, 553, 554, 555, 556, 558, 559, 561, 562, 563, 564, 565, 568, 569, 570, 571, 572, 573, 574, 577, 585, 587, 601], "summary": {"covered_lines": 142, "num_statements": 336, "percent_covered": 42.26190476190476, "percent_covered_display": "42", "missing_lines": 194, "excluded_lines": 0, "percent_statements_covered": 42.26190476190476, "percent_statements_covered_display": "42"}, "missing_lines": [29, 30, 31, 32, 33, 37, 71, 72, 73, 74, 76, 78, 79, 80, 81, 82, 83, 84, 85, 86, 87, 88, 92, 95, 96, 97, 103, 104, 105, 106, 108, 113, 114, 115, 122, 123, 124, 126, 128, 129, 131, 132, 140, 141, 143, 146, 147, 148, 150, 158, 159, 160, 161, 162, 163, 164, 165, 171, 172, 173, 180, 181, 186, 187, 188, 189, 194, 195, 196, 197, 199, 200, 202, 208, 211, 213, 219, 221, 222, 223, 225, 231, 232, 233, 234, 235, 236, 239, 241, 253, 254, 260, 261, 263, 264, 265, 267, 268, 269, 270, 271, 272, 273, 274, 275, 276, 277, 278, 279, 280, 282, 284, 285, 286, 287, 288, 294, 295, 296, 297, 298, 299, 300, 301, 303, 315, 316, 318, 324, 325, 332, 334, 406, 407, 408, 409, 410, 412, 417, 418, 495, 530, 531, 532, 533, 536, 537, 538, 539, 575, 610, 612, 613, 614, 616, 617, 618, 619, 620, 621, 622, 623, 625, 626, 627, 629, 630, 633, 634, 635, 636, 637, 638, 641, 642, 643, 644, 645, 646, 647, 648, 658, 659, 660, 665, 666, 667, 668, 669, 670, 672, 675, 676, 678], "excluded_lines": [], "start_line": 1}}}, "src/georeel/core/dem_fetcher.py": {"executed_lines": [], "summary": {"covered_lines": 0, "num_statements": 87, "percent_covered": 0.0, "percent_covered_display": "0", "missing_lines": 87, "excluded_lines": 0, "percent_statements_covered": 0.0, "percent_statements_covered_display": "0"}, "missing_lines": [1, 2, 3, 4, 6, 7, 8, 10, 11, 13, 17, 18, 21, 22, 23, 26, 27, 32, 35, 36, 39, 46, 53, 54, 56, 58, 62, 64, 65, 66, 69, 74, 75, 76, 77, 83, 84, 87, 112, 113, 115, 116, 118, 119, 125, 126, 128, 129, 130, 131, 133, 135, 137, 138, 139, 140, 147, 149, 150, 151, 153, 154, 156, 157, 159, 160, 161, 163, 164, 165, 166, 172, 173, 174, 175, 177, 178, 180, 181, 184, 186, 187, 188, 189, 191, 193, 195], "excluded_lines": [], "functions": {"_fill_voids": {"executed_lines": [], "summary": {"covered_lines": 0, "num_statements": 9, "percent_covered": 0.0, "percent_covered_display": "0", "missing_lines": 9, "excluded_lines": 0, "percent_statements_covered": 0.0, "percent_statements_covered_display": "0"}, "missing_lines": [46, 53, 54, 56, 58, 62, 64, 65, 66], "excluded_lines": [], "start_line": 39}, "_parse_tile": {"executed_lines": [], "summary": {"covered_lines": 0, "num_statements": 6, "percent_covered": 0.0, "percent_covered_display": "0", "missing_lines": 6, "excluded_lines": 0, "percent_statements_covered": 0.0, "percent_statements_covered_display": "0"}, "missing_lines": [74, 75, 76, 77, 83, 84], "excluded_lines": [], "start_line": 69}, "fetch_dem": {"executed_lines": [], "summary": {"covered_lines": 0, "num_statements": 47, "percent_covered": 0.0, "percent_covered_display": "0", "missing_lines": 47, "excluded_lines": 0, "percent_statements_covered": 0.0, "percent_statements_covered_display": "0"}, "missing_lines": [112, 113, 115, 116, 118, 119, 125, 126, 128, 129, 130, 131, 133, 135, 137, 138, 139, 140, 147, 149, 153, 154, 156, 157, 159, 160, 161, 163, 164, 165, 166, 172, 173, 174, 175, 177, 178, 180, 181, 184, 186, 187, 188, 189, 191, 193, 195], "excluded_lines": [], "start_line": 87}, "fetch_dem._load": {"executed_lines": [], "summary": {"covered_lines": 0, "num_statements": 2, "percent_covered": 0.0, "percent_covered_display": "0", "missing_lines": 2, "excluded_lines": 0, "percent_statements_covered": 0.0, "percent_statements_covered_display": "0"}, "missing_lines": [150, 151], "excluded_lines": [], "start_line": 149}, "": {"executed_lines": [], "summary": {"covered_lines": 0, "num_statements": 23, "percent_covered": 0.0, "percent_covered_display": "0", "missing_lines": 23, "excluded_lines": 0, "percent_statements_covered": 0.0, "percent_statements_covered_display": "0"}, "missing_lines": [1, 2, 3, 4, 6, 7, 8, 10, 11, 13, 17, 18, 21, 22, 23, 26, 27, 32, 35, 36, 39, 69, 87], "excluded_lines": [], "start_line": 1}}, "classes": {"DemFetchError": {"executed_lines": [], "summary": {"covered_lines": 0, "num_statements": 0, "percent_covered": 100.0, "percent_covered_display": "100", "missing_lines": 0, "excluded_lines": 0, "percent_statements_covered": 100.0, "percent_statements_covered_display": "100"}, "missing_lines": [], "excluded_lines": [], "start_line": 35}, "": {"executed_lines": [], "summary": {"covered_lines": 0, "num_statements": 87, "percent_covered": 0.0, "percent_covered_display": "0", "missing_lines": 87, "excluded_lines": 0, "percent_statements_covered": 0.0, "percent_statements_covered_display": "0"}, "missing_lines": [1, 2, 3, 4, 6, 7, 8, 10, 11, 13, 17, 18, 21, 22, 23, 26, 27, 32, 35, 36, 39, 46, 53, 54, 56, 58, 62, 64, 65, 66, 69, 74, 75, 76, 77, 83, 84, 87, 112, 113, 115, 116, 118, 119, 125, 126, 128, 129, 130, 131, 133, 135, 137, 138, 139, 140, 147, 149, 150, 151, 153, 154, 156, 157, 159, 160, 161, 163, 164, 165, 166, 172, 173, 174, 175, 177, 178, 180, 181, 184, 186, 187, 188, 189, 191, 193, 195], "excluded_lines": [], "start_line": 1}}}, "src/georeel/core/elevation_grid.py": {"executed_lines": [1, 3, 6, 7, 20, 21, 22, 24, 25, 26, 28, 30, 31, 32, 33, 35, 36, 37, 39, 46, 77, 78, 80, 81, 91, 92], "summary": {"covered_lines": 26, "num_statements": 35, "percent_covered": 74.28571428571429, "percent_covered_display": "74", "missing_lines": 9, "excluded_lines": 0, "percent_statements_covered": 74.28571428571429, "percent_statements_covered_display": "74"}, "missing_lines": [52, 56, 60, 61, 62, 63, 64, 65, 66], "excluded_lines": [], "functions": {"ElevationGrid.rows": {"executed_lines": [22], "summary": {"covered_lines": 1, "num_statements": 1, "percent_covered": 100.0, "percent_covered_display": "100", "missing_lines": 0, "excluded_lines": 0, "percent_statements_covered": 100.0, "percent_statements_covered_display": "100"}, "missing_lines": [], "excluded_lines": [], "start_line": 21}, "ElevationGrid.cols": {"executed_lines": [26], "summary": {"covered_lines": 1, "num_statements": 1, "percent_covered": 100.0, "percent_covered_display": "100", "missing_lines": 0, "excluded_lines": 0, "percent_statements_covered": 100.0, "percent_statements_covered_display": "100"}, "missing_lines": [], "excluded_lines": [], "start_line": 25}, "ElevationGrid.elevation_at": {"executed_lines": [30, 31, 32, 33, 35, 36, 37, 39], "summary": {"covered_lines": 8, "num_statements": 8, "percent_covered": 100.0, "percent_covered_display": "100", "missing_lines": 0, "excluded_lines": 0, "percent_statements_covered": 100.0, "percent_statements_covered_display": "100"}, "missing_lines": [], "excluded_lines": [], "start_line": 28}, "ElevationGrid.elevation_at_batch": {"executed_lines": [], "summary": {"covered_lines": 0, "num_statements": 9, "percent_covered": 0.0, "percent_covered_display": "0", "missing_lines": 9, "excluded_lines": 0, "percent_statements_covered": 0.0, "percent_statements_covered_display": "0"}, "missing_lines": [52, 56, 60, 61, 62, 63, 64, 65, 66], "excluded_lines": [], "start_line": 46}, "ElevationGrid.to_bytes": {"executed_lines": [78], "summary": {"covered_lines": 1, "num_statements": 1, "percent_covered": 100.0, "percent_covered_display": "100", "missing_lines": 0, "excluded_lines": 0, "percent_statements_covered": 100.0, "percent_statements_covered_display": "100"}, "missing_lines": [], "excluded_lines": [], "start_line": 77}, "ElevationGrid.from_bytes": {"executed_lines": [91, 92], "summary": {"covered_lines": 2, "num_statements": 2, "percent_covered": 100.0, "percent_covered_display": "100", "missing_lines": 0, "excluded_lines": 0, "percent_statements_covered": 100.0, "percent_statements_covered_display": "100"}, "missing_lines": [], "excluded_lines": [], "start_line": 81}, "": {"executed_lines": [1, 3, 6, 7, 20, 21, 24, 25, 28, 46, 77, 80, 81], "summary": {"covered_lines": 13, "num_statements": 13, "percent_covered": 100.0, "percent_covered_display": "100", "missing_lines": 0, "excluded_lines": 0, "percent_statements_covered": 100.0, "percent_statements_covered_display": "100"}, "missing_lines": [], "excluded_lines": [], "start_line": 1}}, "classes": {"ElevationGrid": {"executed_lines": [22, 26, 30, 31, 32, 33, 35, 36, 37, 39, 78, 91, 92], "summary": {"covered_lines": 13, "num_statements": 22, "percent_covered": 59.09090909090909, "percent_covered_display": "59", "missing_lines": 9, "excluded_lines": 0, "percent_statements_covered": 59.09090909090909, "percent_statements_covered_display": "59"}, "missing_lines": [52, 56, 60, 61, 62, 63, 64, 65, 66], "excluded_lines": [], "start_line": 7}, "": {"executed_lines": [1, 3, 6, 7, 20, 21, 24, 25, 28, 46, 77, 80, 81], "summary": {"covered_lines": 13, "num_statements": 13, "percent_covered": 100.0, "percent_covered_display": "100", "missing_lines": 0, "excluded_lines": 0, "percent_statements_covered": 100.0, "percent_statements_covered_display": "100"}, "missing_lines": [], "excluded_lines": [], "start_line": 1}}}, "src/georeel/core/encoder_registry.py": {"executed_lines": [6, 7, 8, 9, 12, 13, 32, 33, 44, 45, 61, 62, 65, 66, 72, 73, 74, 75, 76, 77, 78, 80, 83, 84, 85, 86, 87, 88, 89, 91, 100, 301, 304, 305, 308, 310, 313, 315, 316, 324, 325, 327, 328, 333, 334, 335, 337, 338, 339, 340, 341, 342, 343, 344], "summary": {"covered_lines": 54, "num_statements": 54, "percent_covered": 100.0, "percent_covered_display": "100", "missing_lines": 0, "excluded_lines": 0, "percent_statements_covered": 100.0, "percent_statements_covered_display": "100"}, "missing_lines": [], "excluded_lines": [], "functions": {"_nvenc_presets": {"executed_lines": [33], "summary": {"covered_lines": 1, "num_statements": 1, "percent_covered": 100.0, "percent_covered_display": "100", "missing_lines": 0, "excluded_lines": 0, "percent_statements_covered": 100.0, "percent_statements_covered_display": "100"}, "missing_lines": [], "excluded_lines": [], "start_line": 32}, "_x26x_presets": {"executed_lines": [45], "summary": {"covered_lines": 1, "num_statements": 1, "percent_covered": 100.0, "percent_covered_display": "100", "missing_lines": 0, "excluded_lines": 0, "percent_statements_covered": 100.0, "percent_statements_covered_display": "100"}, "missing_lines": [], "excluded_lines": [], "start_line": 44}, "_amf_presets": {"executed_lines": [62], "summary": {"covered_lines": 1, "num_statements": 1, "percent_covered": 100.0, "percent_covered_display": "100", "missing_lines": 0, "excluded_lines": 0, "percent_statements_covered": 100.0, "percent_statements_covered_display": "100"}, "missing_lines": [], "excluded_lines": [], "start_line": 61}, "_qsv_presets": {"executed_lines": [66], "summary": {"covered_lines": 1, "num_statements": 1, "percent_covered": 100.0, "percent_covered_display": "100", "missing_lines": 0, "excluded_lines": 0, "percent_statements_covered": 100.0, "percent_statements_covered_display": "100"}, "missing_lines": [], "excluded_lines": [], "start_line": 65}, "_svt_presets": {"executed_lines": [73, 80], "summary": {"covered_lines": 2, "num_statements": 2, "percent_covered": 100.0, "percent_covered_display": "100", "missing_lines": 0, "excluded_lines": 0, "percent_statements_covered": 100.0, "percent_statements_covered_display": "100"}, "missing_lines": [], "excluded_lines": [], "start_line": 72}, "_svt_presets._label": {"executed_lines": [74, 75, 76, 77, 78], "summary": {"covered_lines": 5, "num_statements": 5, "percent_covered": 100.0, "percent_covered_display": "100", "missing_lines": 0, "excluded_lines": 0, "percent_statements_covered": 100.0, "percent_statements_covered_display": "100"}, "missing_lines": [], "excluded_lines": [], "start_line": 73}, "_aom_presets": {"executed_lines": [84, 91], "summary": {"covered_lines": 2, "num_statements": 2, "percent_covered": 100.0, "percent_covered_display": "100", "missing_lines": 0, "excluded_lines": 0, "percent_statements_covered": 100.0, "percent_statements_covered_display": "100"}, "missing_lines": [], "excluded_lines": [], "start_line": 83}, "_aom_presets._label": {"executed_lines": [85, 86, 87, 88, 89], "summary": {"covered_lines": 5, "num_statements": 5, "percent_covered": 100.0, "percent_covered_display": "100", "missing_lines": 0, "excluded_lines": 0, "percent_statements_covered": 100.0, "percent_statements_covered_display": "100"}, "missing_lines": [], "excluded_lines": [], "start_line": 84}, "get_encoder": {"executed_lines": [305], "summary": {"covered_lines": 1, "num_statements": 1, "percent_covered": 100.0, "percent_covered_display": "100", "missing_lines": 0, "excluded_lines": 0, "percent_statements_covered": 100.0, "percent_statements_covered_display": "100"}, "missing_lines": [], "excluded_lines": [], "start_line": 304}, "encoders_for_codec": {"executed_lines": [310], "summary": {"covered_lines": 1, "num_statements": 1, "percent_covered": 100.0, "percent_covered_display": "100", "missing_lines": 0, "excluded_lines": 0, "percent_statements_covered": 100.0, "percent_statements_covered_display": "100"}, "missing_lines": [], "excluded_lines": [], "start_line": 308}, "detect_available_encoders": {"executed_lines": [315, 316, 324, 325, 327, 328, 333, 334, 335, 337, 338, 339, 340, 341, 342, 343, 344], "summary": {"covered_lines": 17, "num_statements": 17, "percent_covered": 100.0, "percent_covered_display": "100", "missing_lines": 0, "excluded_lines": 0, "percent_statements_covered": 100.0, "percent_statements_covered_display": "100"}, "missing_lines": [], "excluded_lines": [], "start_line": 313}, "": {"executed_lines": [6, 7, 8, 9, 12, 13, 32, 44, 61, 65, 72, 83, 100, 301, 304, 308, 313], "summary": {"covered_lines": 17, "num_statements": 17, "percent_covered": 100.0, "percent_covered_display": "100", "missing_lines": 0, "excluded_lines": 0, "percent_statements_covered": 100.0, "percent_statements_covered_display": "100"}, "missing_lines": [], "excluded_lines": [], "start_line": 1}}, "classes": {"EncoderConfig": {"executed_lines": [], "summary": {"covered_lines": 0, "num_statements": 0, "percent_covered": 100.0, "percent_covered_display": "100", "missing_lines": 0, "excluded_lines": 0, "percent_statements_covered": 100.0, "percent_statements_covered_display": "100"}, "missing_lines": [], "excluded_lines": [], "start_line": 13}, "": {"executed_lines": [6, 7, 8, 9, 12, 13, 32, 33, 44, 45, 61, 62, 65, 66, 72, 73, 74, 75, 76, 77, 78, 80, 83, 84, 85, 86, 87, 88, 89, 91, 100, 301, 304, 305, 308, 310, 313, 315, 316, 324, 325, 327, 328, 333, 334, 335, 337, 338, 339, 340, 341, 342, 343, 344], "summary": {"covered_lines": 54, "num_statements": 54, "percent_covered": 100.0, "percent_covered_display": "100", "missing_lines": 0, "excluded_lines": 0, "percent_statements_covered": 100.0, "percent_statements_covered_display": "100"}, "missing_lines": [], "excluded_lines": [], "start_line": 1}}}, "src/georeel/core/exif_reader.py": {"executed_lines": [1, 3, 5, 7, 8, 9, 10, 12, 13, 14, 15, 18, 19, 20, 21, 22, 23, 26, 27, 28, 29, 30, 31, 32, 35, 36, 37, 38, 39, 40, 41, 44, 46, 47, 48, 49, 50, 52, 57, 59, 60, 61, 63], "summary": {"covered_lines": 43, "num_statements": 43, "percent_covered": 100.0, "percent_covered_display": "100", "missing_lines": 0, "excluded_lines": 0, "percent_statements_covered": 100.0, "percent_statements_covered_display": "100"}, "missing_lines": [], "excluded_lines": [], "functions": {"_dms_to_decimal": {"executed_lines": [19, 20, 21, 22, 23], "summary": {"covered_lines": 5, "num_statements": 5, "percent_covered": 100.0, "percent_covered_display": "100", "missing_lines": 0, "excluded_lines": 0, "percent_statements_covered": 100.0, "percent_statements_covered_display": "100"}, "missing_lines": [], "excluded_lines": [], "start_line": 18}, "_parse_gps": {"executed_lines": [27, 28, 29, 30, 31, 32], "summary": {"covered_lines": 6, "num_statements": 6, "percent_covered": 100.0, "percent_covered_display": "100", "missing_lines": 0, "excluded_lines": 0, "percent_statements_covered": 100.0, "percent_statements_covered_display": "100"}, "missing_lines": [], "excluded_lines": [], "start_line": 26}, "_parse_timestamp": {"executed_lines": [36, 37, 38, 39, 40, 41], "summary": {"covered_lines": 6, "num_statements": 6, "percent_covered": 100.0, "percent_covered_display": "100", "missing_lines": 0, "excluded_lines": 0, "percent_statements_covered": 100.0, "percent_statements_covered_display": "100"}, "missing_lines": [], "excluded_lines": [], "start_line": 35}, "read_photo_metadata": {"executed_lines": [46, 47, 48, 49, 50, 52, 57, 59, 60, 61, 63], "summary": {"covered_lines": 11, "num_statements": 11, "percent_covered": 100.0, "percent_covered_display": "100", "missing_lines": 0, "excluded_lines": 0, "percent_statements_covered": 100.0, "percent_statements_covered_display": "100"}, "missing_lines": [], "excluded_lines": [], "start_line": 44}, "": {"executed_lines": [1, 3, 5, 7, 8, 9, 10, 12, 13, 14, 15, 18, 26, 35, 44], "summary": {"covered_lines": 15, "num_statements": 15, "percent_covered": 100.0, "percent_covered_display": "100", "missing_lines": 0, "excluded_lines": 0, "percent_statements_covered": 100.0, "percent_statements_covered_display": "100"}, "missing_lines": [], "excluded_lines": [], "start_line": 1}}, "classes": {"": {"executed_lines": [1, 3, 5, 7, 8, 9, 10, 12, 13, 14, 15, 18, 19, 20, 21, 22, 23, 26, 27, 28, 29, 30, 31, 32, 35, 36, 37, 38, 39, 40, 41, 44, 46, 47, 48, 49, 50, 52, 57, 59, 60, 61, 63], "summary": {"covered_lines": 43, "num_statements": 43, "percent_covered": 100.0, "percent_covered_display": "100", "missing_lines": 0, "excluded_lines": 0, "percent_statements_covered": 100.0, "percent_statements_covered_display": "100"}, "missing_lines": [], "excluded_lines": [], "start_line": 1}}}, "src/georeel/core/frame_renderer.py": {"executed_lines": [15, 16, 17, 18, 19, 20, 21, 23, 24, 25, 27, 30, 31, 38, 56, 93, 106, 107, 108, 109, 111, 112, 113, 170, 242, 345, 346, 360], "summary": {"covered_lines": 28, "num_statements": 129, "percent_covered": 21.705426356589147, "percent_covered_display": "22", "missing_lines": 101, "excluded_lines": 0, "percent_statements_covered": 21.705426356589147, "percent_statements_covered_display": "22"}, "missing_lines": [48, 49, 51, 52, 53, 70, 71, 73, 74, 75, 76, 78, 79, 80, 81, 82, 84, 85, 86, 118, 119, 120, 121, 123, 124, 125, 126, 127, 129, 131, 133, 134, 149, 186, 199, 200, 202, 203, 211, 212, 213, 214, 215, 216, 217, 218, 219, 220, 221, 222, 223, 225, 226, 227, 228, 230, 231, 232, 233, 234, 236, 237, 239, 263, 264, 265, 268, 273, 274, 275, 277, 278, 279, 280, 281, 282, 283, 284, 286, 287, 289, 290, 291, 292, 294, 295, 296, 298, 299, 300, 301, 302, 305, 306, 312, 313, 318, 334, 335, 336, 338], "excluded_lines": [], "functions": {"_tile_world_bounds": {"executed_lines": [], "summary": {"covered_lines": 0, "num_statements": 5, "percent_covered": 0.0, "percent_covered_display": "0", "missing_lines": 5, "excluded_lines": 0, "percent_statements_covered": 0.0, "percent_statements_covered_display": "0"}, "missing_lines": [48, 49, 51, 52, 53], "excluded_lines": [], "start_line": 38}, "_filter_tiles": {"executed_lines": [], "summary": {"covered_lines": 0, "num_statements": 14, "percent_covered": 0.0, "percent_covered_display": "0", "missing_lines": 14, "excluded_lines": 0, "percent_statements_covered": 0.0, "percent_statements_covered_display": "0"}, "missing_lines": [70, 71, 73, 74, 75, 76, 78, 79, 80, 81, 82, 84, 85, 86], "excluded_lines": [], "start_line": 56}, "render_frames": {"executed_lines": [106, 107, 108, 109, 111, 112, 113], "summary": {"covered_lines": 7, "num_statements": 21, "percent_covered": 33.333333333333336, "percent_covered_display": "33", "missing_lines": 14, "excluded_lines": 0, "percent_statements_covered": 33.333333333333336, "percent_statements_covered_display": "33"}, "missing_lines": [118, 119, 120, 121, 123, 124, 125, 126, 127, 129, 131, 133, 134, 149], "excluded_lines": [], "start_line": 93}, "_render_single": {"executed_lines": [], "summary": {"covered_lines": 0, "num_statements": 30, "percent_covered": 0.0, "percent_covered_display": "0", "missing_lines": 30, "excluded_lines": 0, "percent_statements_covered": 0.0, "percent_statements_covered_display": "0"}, "missing_lines": [186, 199, 200, 202, 203, 211, 212, 213, 214, 215, 216, 217, 218, 219, 220, 221, 222, 223, 225, 226, 227, 228, 230, 231, 232, 233, 234, 236, 237, 239], "excluded_lines": [], "start_line": 170}, "_render_segmented": {"executed_lines": [], "summary": {"covered_lines": 0, "num_statements": 38, "percent_covered": 0.0, "percent_covered_display": "0", "missing_lines": 38, "excluded_lines": 0, "percent_statements_covered": 0.0, "percent_statements_covered_display": "0"}, "missing_lines": [263, 264, 265, 268, 273, 274, 275, 277, 278, 279, 280, 281, 282, 283, 284, 286, 287, 289, 290, 291, 292, 294, 295, 296, 298, 299, 300, 301, 302, 305, 306, 312, 313, 318, 334, 335, 336, 338], "excluded_lines": [], "start_line": 242}, "_write_keyframes": {"executed_lines": [346, 360], "summary": {"covered_lines": 2, "num_statements": 2, "percent_covered": 100.0, "percent_covered_display": "100", "missing_lines": 0, "excluded_lines": 0, "percent_statements_covered": 100.0, "percent_statements_covered_display": "100"}, "missing_lines": [], "excluded_lines": [], "start_line": 345}, "": {"executed_lines": [15, 16, 17, 18, 19, 20, 21, 23, 24, 25, 27, 30, 31, 38, 56, 93, 170, 242, 345], "summary": {"covered_lines": 19, "num_statements": 19, "percent_covered": 100.0, "percent_covered_display": "100", "missing_lines": 0, "excluded_lines": 0, "percent_statements_covered": 100.0, "percent_statements_covered_display": "100"}, "missing_lines": [], "excluded_lines": [], "start_line": 1}}, "classes": {"FrameRenderError": {"executed_lines": [], "summary": {"covered_lines": 0, "num_statements": 0, "percent_covered": 100.0, "percent_covered_display": "100", "missing_lines": 0, "excluded_lines": 0, "percent_statements_covered": 100.0, "percent_statements_covered_display": "100"}, "missing_lines": [], "excluded_lines": [], "start_line": 30}, "": {"executed_lines": [15, 16, 17, 18, 19, 20, 21, 23, 24, 25, 27, 30, 31, 38, 56, 93, 106, 107, 108, 109, 111, 112, 113, 170, 242, 345, 346, 360], "summary": {"covered_lines": 28, "num_statements": 129, "percent_covered": 21.705426356589147, "percent_covered_display": "22", "missing_lines": 101, "excluded_lines": 0, "percent_statements_covered": 21.705426356589147, "percent_statements_covered_display": "22"}, "missing_lines": [48, 49, 51, 52, 53, 70, 71, 73, 74, 75, 76, 78, 79, 80, 81, 82, 84, 85, 86, 118, 119, 120, 121, 123, 124, 125, 126, 127, 129, 131, 133, 134, 149, 186, 199, 200, 202, 203, 211, 212, 213, 214, 215, 216, 217, 218, 219, 220, 221, 222, 223, 225, 226, 227, 228, 230, 231, 232, 233, 234, 236, 237, 239, 263, 264, 265, 268, 273, 274, 275, 277, 278, 279, 280, 281, 282, 283, 284, 286, 287, 289, 290, 291, 292, 294, 295, 296, 298, 299, 300, 301, 302, 305, 306, 312, 313, 318, 334, 335, 336, 338], "excluded_lines": [], "start_line": 1}}}, "src/georeel/core/frustum.py": {"executed_lines": [13, 15, 16, 17, 18, 19, 22, 31, 32, 35, 37, 39, 41, 43, 47], "summary": {"covered_lines": 15, "num_statements": 15, "percent_covered": 100.0, "percent_covered_display": "100", "missing_lines": 0, "excluded_lines": 0, "percent_statements_covered": 100.0, "percent_statements_covered_display": "100"}, "missing_lines": [], "excluded_lines": [], "functions": {"frustum_margin": {"executed_lines": [31, 32, 35, 37, 39, 41, 43, 47], "summary": {"covered_lines": 8, "num_statements": 8, "percent_covered": 100.0, "percent_covered_display": "100", "missing_lines": 0, "excluded_lines": 0, "percent_statements_covered": 100.0, "percent_statements_covered_display": "100"}, "missing_lines": [], "excluded_lines": [], "start_line": 22}, "": {"executed_lines": [13, 15, 16, 17, 18, 19, 22], "summary": {"covered_lines": 7, "num_statements": 7, "percent_covered": 100.0, "percent_covered_display": "100", "missing_lines": 0, "excluded_lines": 0, "percent_statements_covered": 100.0, "percent_statements_covered_display": "100"}, "missing_lines": [], "excluded_lines": [], "start_line": 1}}, "classes": {"": {"executed_lines": [13, 15, 16, 17, 18, 19, 22, 31, 32, 35, 37, 39, 41, 43, 47], "summary": {"covered_lines": 15, "num_statements": 15, "percent_covered": 100.0, "percent_covered_display": "100", "missing_lines": 0, "excluded_lines": 0, "percent_statements_covered": 100.0, "percent_statements_covered_display": "100"}, "missing_lines": [], "excluded_lines": [], "start_line": 1}}}, "src/georeel/core/gpx_cleaner.py": {"executed_lines": [32, 34, 35, 36, 38, 39, 43, 44, 45, 48, 49, 51, 52, 53, 58, 63, 90, 99, 102, 103, 104, 105, 107, 109, 110, 113, 117, 118, 121, 122, 123, 124, 125, 127, 128, 129, 130, 131, 132, 133, 135, 140, 164, 165, 189, 191, 192, 193, 194, 198, 201, 202, 203, 204, 207, 225, 226, 227, 228, 229, 230, 231, 232, 233, 235, 236, 237, 241, 244, 255, 257, 258, 260, 261, 263, 264, 266, 269, 270, 273, 274, 275, 277, 278, 279, 280, 281, 282, 283, 286, 288, 297, 302, 303, 306, 307, 308, 309, 311, 312, 313, 315, 316, 317, 318, 320, 321, 322, 323, 324, 325, 326, 327], "summary": {"covered_lines": 113, "num_statements": 123, "percent_covered": 91.869918699187, "percent_covered_display": "92", "missing_lines": 10, "excluded_lines": 0, "percent_statements_covered": 91.869918699187, "percent_statements_covered_display": "92"}, "missing_lines": [167, 168, 169, 170, 172, 176, 177, 181, 186, 239], "excluded_lines": [], "functions": {"detect_and_repair": {"executed_lines": [90, 99, 102, 103, 104, 105, 107, 109, 110, 113, 117, 118, 121, 122, 123, 124, 125, 127, 128, 129, 130, 131, 132, 133, 135], "summary": {"covered_lines": 25, "num_statements": 25, "percent_covered": 100.0, "percent_covered_display": "100", "missing_lines": 0, "excluded_lines": 0, "percent_statements_covered": 100.0, "percent_statements_covered_display": "100"}, "missing_lines": [], "excluded_lines": [], "start_line": 63}, "_geographic_outlier_indices": {"executed_lines": [164, 165], "summary": {"covered_lines": 2, "num_statements": 11, "percent_covered": 18.181818181818183, "percent_covered_display": "18", "missing_lines": 9, "excluded_lines": 0, "percent_statements_covered": 18.181818181818183, "percent_statements_covered_display": "18"}, "missing_lines": [167, 168, 169, 170, 172, 176, 177, 181, 186], "excluded_lines": [], "start_line": 140}, "_haversine": {"executed_lines": [191, 192, 193, 194, 198], "summary": {"covered_lines": 5, "num_statements": 5, "percent_covered": 100.0, "percent_covered_display": "100", "missing_lines": 0, "excluded_lines": 0, "percent_statements_covered": 100.0, "percent_statements_covered_display": "100"}, "missing_lines": [], "excluded_lines": [], "start_line": 189}, "_time_gap_s": {"executed_lines": [202, 203, 204], "summary": {"covered_lines": 3, "num_statements": 3, "percent_covered": 100.0, "percent_covered_display": "100", "missing_lines": 0, "excluded_lines": 0, "percent_statements_covered": 100.0, "percent_statements_covered_display": "100"}, "missing_lines": [], "excluded_lines": [], "start_line": 201}, "_is_nullified": {"executed_lines": [225, 226, 227, 228, 229, 230, 231, 232, 233, 235, 236, 237, 241], "summary": {"covered_lines": 13, "num_statements": 14, "percent_covered": 92.85714285714286, "percent_covered_display": "93", "missing_lines": 1, "excluded_lines": 0, "percent_statements_covered": 92.85714285714286, "percent_statements_covered_display": "93"}, "missing_lines": [239], "excluded_lines": [], "start_line": 207}, "_fill_hole": {"executed_lines": [255, 257, 258, 260, 261, 263, 264, 266, 269, 270, 273, 274, 275, 277, 278, 279, 280, 281, 282, 283], "summary": {"covered_lines": 20, "num_statements": 20, "percent_covered": 100.0, "percent_covered_display": "100", "missing_lines": 0, "excluded_lines": 0, "percent_statements_covered": 100.0, "percent_statements_covered_display": "100"}, "missing_lines": [], "excluded_lines": [], "start_line": 244}, "_interp_latlon": {"executed_lines": [288], "summary": {"covered_lines": 1, "num_statements": 1, "percent_covered": 100.0, "percent_covered_display": "100", "missing_lines": 0, "excluded_lines": 0, "percent_statements_covered": 100.0, "percent_statements_covered_display": "100"}, "missing_lines": [], "excluded_lines": [], "start_line": 286}, "_resample_route": {"executed_lines": [302, 303, 306, 307, 308, 309, 311, 312, 313, 315, 316, 317, 318, 320, 321, 322, 323, 324, 325, 326, 327], "summary": {"covered_lines": 21, "num_statements": 21, "percent_covered": 100.0, "percent_covered_display": "100", "missing_lines": 0, "excluded_lines": 0, "percent_statements_covered": 100.0, "percent_statements_covered_display": "100"}, "missing_lines": [], "excluded_lines": [], "start_line": 297}, "": {"executed_lines": [32, 34, 35, 36, 38, 39, 43, 44, 45, 48, 49, 51, 52, 53, 58, 63, 140, 189, 201, 207, 244, 286, 297], "summary": {"covered_lines": 23, "num_statements": 23, "percent_covered": 100.0, "percent_covered_display": "100", "missing_lines": 0, "excluded_lines": 0, "percent_statements_covered": 100.0, "percent_statements_covered_display": "100"}, "missing_lines": [], "excluded_lines": [], "start_line": 1}}, "classes": {"CleanStats": {"executed_lines": [], "summary": {"covered_lines": 0, "num_statements": 0, "percent_covered": 100.0, "percent_covered_display": "100", "missing_lines": 0, "excluded_lines": 0, "percent_statements_covered": 100.0, "percent_statements_covered_display": "100"}, "missing_lines": [], "excluded_lines": [], "start_line": 49}, "": {"executed_lines": [32, 34, 35, 36, 38, 39, 43, 44, 45, 48, 49, 51, 52, 53, 58, 63, 90, 99, 102, 103, 104, 105, 107, 109, 110, 113, 117, 118, 121, 122, 123, 124, 125, 127, 128, 129, 130, 131, 132, 133, 135, 140, 164, 165, 189, 191, 192, 193, 194, 198, 201, 202, 203, 204, 207, 225, 226, 227, 228, 229, 230, 231, 232, 233, 235, 236, 237, 241, 244, 255, 257, 258, 260, 261, 263, 264, 266, 269, 270, 273, 274, 275, 277, 278, 279, 280, 281, 282, 283, 286, 288, 297, 302, 303, 306, 307, 308, 309, 311, 312, 313, 315, 316, 317, 318, 320, 321, 322, 323, 324, 325, 326, 327], "summary": {"covered_lines": 113, "num_statements": 123, "percent_covered": 91.869918699187, "percent_covered_display": "92", "missing_lines": 10, "excluded_lines": 0, "percent_statements_covered": 91.869918699187, "percent_statements_covered_display": "92"}, "missing_lines": [167, 168, 169, 170, 172, 176, 177, 181, 186, 239], "excluded_lines": [], "start_line": 1}}}, "src/georeel/core/gpx_parser.py": {"executed_lines": [1, 2, 3, 5, 7, 8, 10, 15, 18, 19, 22, 24, 25, 34, 37, 42, 43, 44, 45, 46, 48, 49, 50, 51, 52, 53, 54, 55, 56, 57, 58, 65, 66, 67, 73, 74, 76, 77, 78, 85], "summary": {"covered_lines": 40, "num_statements": 47, "percent_covered": 85.1063829787234, "percent_covered_display": "85", "missing_lines": 7, "excluded_lines": 0, "percent_statements_covered": 85.1063829787234, "percent_statements_covered_display": "85"}, "missing_lines": [27, 28, 29, 30, 31, 32, 33], "excluded_lines": [], "functions": {"_elevation_from_extensions": {"executed_lines": [24, 25, 34], "summary": {"covered_lines": 3, "num_statements": 10, "percent_covered": 30.0, "percent_covered_display": "30", "missing_lines": 7, "excluded_lines": 0, "percent_statements_covered": 30.0, "percent_statements_covered_display": "30"}, "missing_lines": [27, 28, 29, 30, 31, 32, 33], "excluded_lines": [], "start_line": 22}, "parse_gpx": {"executed_lines": [42, 43, 44, 45, 46, 48, 49, 50, 51, 52, 53, 54, 55, 56, 57, 58, 65, 66, 67, 73, 74, 76, 77, 78, 85], "summary": {"covered_lines": 25, "num_statements": 25, "percent_covered": 100.0, "percent_covered_display": "100", "missing_lines": 0, "excluded_lines": 0, "percent_statements_covered": 100.0, "percent_statements_covered_display": "100"}, "missing_lines": [], "excluded_lines": [], "start_line": 37}, "": {"executed_lines": [1, 2, 3, 5, 7, 8, 10, 15, 18, 19, 22, 37], "summary": {"covered_lines": 12, "num_statements": 12, "percent_covered": 100.0, "percent_covered_display": "100", "missing_lines": 0, "excluded_lines": 0, "percent_statements_covered": 100.0, "percent_statements_covered_display": "100"}, "missing_lines": [], "excluded_lines": [], "start_line": 1}}, "classes": {"GpxParseError": {"executed_lines": [], "summary": {"covered_lines": 0, "num_statements": 0, "percent_covered": 100.0, "percent_covered_display": "100", "missing_lines": 0, "excluded_lines": 0, "percent_statements_covered": 100.0, "percent_statements_covered_display": "100"}, "missing_lines": [], "excluded_lines": [], "start_line": 18}, "": {"executed_lines": [1, 2, 3, 5, 7, 8, 10, 15, 18, 19, 22, 24, 25, 34, 37, 42, 43, 44, 45, 46, 48, 49, 50, 51, 52, 53, 54, 55, 56, 57, 58, 65, 66, 67, 73, 74, 76, 77, 78, 85], "summary": {"covered_lines": 40, "num_statements": 47, "percent_covered": 85.1063829787234, "percent_covered_display": "85", "missing_lines": 7, "excluded_lines": 0, "percent_statements_covered": 85.1063829787234, "percent_statements_covered_display": "85"}, "missing_lines": [27, 28, 29, 30, 31, 32, 33], "excluded_lines": [], "start_line": 1}}}, "src/georeel/core/gpx_stats.py": {"executed_lines": [6, 8, 9, 10, 12, 14, 17, 18, 19, 20, 21, 22, 25, 26, 27, 30, 31, 32, 35, 36, 37, 40, 41, 42, 43, 46, 47, 48, 49, 59, 60, 61, 62, 65, 66, 68, 69, 70, 71, 73, 74, 75, 76, 78, 79, 80, 87, 88, 89, 90, 91, 94, 95, 96, 98, 99, 100, 101, 102, 103, 104, 105, 106, 108, 110], "summary": {"covered_lines": 65, "num_statements": 65, "percent_covered": 100.0, "percent_covered_display": "100", "missing_lines": 0, "excluded_lines": 0, "percent_statements_covered": 100.0, "percent_statements_covered_display": "100"}, "missing_lines": [], "excluded_lines": [], "functions": {"_haversine": {"executed_lines": [18, 19, 20, 21, 22], "summary": {"covered_lines": 5, "num_statements": 5, "percent_covered": 100.0, "percent_covered_display": "100", "missing_lines": 0, "excluded_lines": 0, "percent_statements_covered": 100.0, "percent_statements_covered_display": "100"}, "missing_lines": [], "excluded_lines": [], "start_line": 17}, "compute_stats": {"executed_lines": [47, 48, 49, 59, 60, 61, 62, 65, 66, 68, 69, 70, 71, 73, 74, 75, 76, 78, 79, 80, 87, 88, 89, 90, 91, 94, 95, 96, 98, 99, 100, 101, 102, 103, 104, 105, 106, 108, 110], "summary": {"covered_lines": 39, "num_statements": 39, "percent_covered": 100.0, "percent_covered_display": "100", "missing_lines": 0, "excluded_lines": 0, "percent_statements_covered": 100.0, "percent_statements_covered_display": "100"}, "missing_lines": [], "excluded_lines": [], "start_line": 46}, "": {"executed_lines": [6, 8, 9, 10, 12, 14, 17, 25, 26, 27, 30, 31, 32, 35, 36, 37, 40, 41, 42, 43, 46], "summary": {"covered_lines": 21, "num_statements": 21, "percent_covered": 100.0, "percent_covered_display": "100", "missing_lines": 0, "excluded_lines": 0, "percent_statements_covered": 100.0, "percent_statements_covered_display": "100"}, "missing_lines": [], "excluded_lines": [], "start_line": 1}}, "classes": {"GpxStats": {"executed_lines": [], "summary": {"covered_lines": 0, "num_statements": 0, "percent_covered": 100.0, "percent_covered_display": "100", "missing_lines": 0, "excluded_lines": 0, "percent_statements_covered": 100.0, "percent_statements_covered_display": "100"}, "missing_lines": [], "excluded_lines": [], "start_line": 26}, "": {"executed_lines": [6, 8, 9, 10, 12, 14, 17, 18, 19, 20, 21, 22, 25, 26, 27, 30, 31, 32, 35, 36, 37, 40, 41, 42, 43, 46, 47, 48, 49, 59, 60, 61, 62, 65, 66, 68, 69, 70, 71, 73, 74, 75, 76, 78, 79, 80, 87, 88, 89, 90, 91, 94, 95, 96, 98, 99, 100, 101, 102, 103, 104, 105, 106, 108, 110], "summary": {"covered_lines": 65, "num_statements": 65, "percent_covered": 100.0, "percent_covered_display": "100", "missing_lines": 0, "excluded_lines": 0, "percent_statements_covered": 100.0, "percent_statements_covered_display": "100"}, "missing_lines": [], "excluded_lines": [], "start_line": 1}}}, "src/georeel/core/match_result.py": {"executed_lines": [1, 4, 5, 7, 8, 9, 13, 15, 17, 18, 19, 21, 22, 23, 24, 25, 26, 27, 28, 29], "summary": {"covered_lines": 20, "num_statements": 20, "percent_covered": 100.0, "percent_covered_display": "100", "missing_lines": 0, "excluded_lines": 0, "percent_statements_covered": 100.0, "percent_statements_covered_display": "100"}, "missing_lines": [], "excluded_lines": [], "functions": {"MatchResult.ok": {"executed_lines": [19], "summary": {"covered_lines": 1, "num_statements": 1, "percent_covered": 100.0, "percent_covered_display": "100", "missing_lines": 0, "excluded_lines": 0, "percent_statements_covered": 100.0, "percent_statements_covered_display": "100"}, "missing_lines": [], "excluded_lines": [], "start_line": 18}, "MatchResult.status_text": {"executed_lines": [23, 24, 25, 26, 27, 28, 29], "summary": {"covered_lines": 7, "num_statements": 7, "percent_covered": 100.0, "percent_covered_display": "100", "missing_lines": 0, "excluded_lines": 0, "percent_statements_covered": 100.0, "percent_statements_covered_display": "100"}, "missing_lines": [], "excluded_lines": [], "start_line": 22}, "": {"executed_lines": [1, 4, 5, 7, 8, 9, 13, 15, 17, 18, 21, 22], "summary": {"covered_lines": 12, "num_statements": 12, "percent_covered": 100.0, "percent_covered_display": "100", "missing_lines": 0, "excluded_lines": 0, "percent_statements_covered": 100.0, "percent_statements_covered_display": "100"}, "missing_lines": [], "excluded_lines": [], "start_line": 1}}, "classes": {"MatchResult": {"executed_lines": [19, 23, 24, 25, 26, 27, 28, 29], "summary": {"covered_lines": 8, "num_statements": 8, "percent_covered": 100.0, "percent_covered_display": "100", "missing_lines": 0, "excluded_lines": 0, "percent_statements_covered": 100.0, "percent_statements_covered_display": "100"}, "missing_lines": [], "excluded_lines": [], "start_line": 5}, "": {"executed_lines": [1, 4, 5, 7, 8, 9, 13, 15, 17, 18, 21, 22], "summary": {"covered_lines": 12, "num_statements": 12, "percent_covered": 100.0, "percent_covered_display": "100", "missing_lines": 0, "excluded_lines": 0, "percent_statements_covered": 100.0, "percent_statements_covered_display": "100"}, "missing_lines": [], "excluded_lines": [], "start_line": 1}}}, "src/georeel/core/open_in_blender.py": {"executed_lines": [], "summary": {"covered_lines": 0, "num_statements": 22, "percent_covered": 0.0, "percent_covered_display": "0", "missing_lines": 22, "excluded_lines": 0, "percent_statements_covered": 0.0, "percent_statements_covered_display": "0"}, "missing_lines": [9, 10, 11, 12, 14, 15, 17, 18, 21, 22, 25, 42, 43, 44, 48, 61, 66, 77, 84, 85, 86, 94], "excluded_lines": [], "functions": {"inject_camera_and_open": {"executed_lines": [], "summary": {"covered_lines": 0, "num_statements": 11, "percent_covered": 0.0, "percent_covered_display": "0", "missing_lines": 11, "excluded_lines": 0, "percent_statements_covered": 0.0, "percent_statements_covered_display": "0"}, "missing_lines": [42, 43, 44, 48, 61, 66, 77, 84, 85, 86, 94], "excluded_lines": [], "start_line": 25}, "": {"executed_lines": [], "summary": {"covered_lines": 0, "num_statements": 11, "percent_covered": 0.0, "percent_covered_display": "0", "missing_lines": 11, "excluded_lines": 0, "percent_statements_covered": 0.0, "percent_statements_covered_display": "0"}, "missing_lines": [9, 10, 11, 12, 14, 15, 17, 18, 21, 22, 25], "excluded_lines": [], "start_line": 1}}, "classes": {"OpenInBlenderError": {"executed_lines": [], "summary": {"covered_lines": 0, "num_statements": 0, "percent_covered": 100.0, "percent_covered_display": "100", "missing_lines": 0, "excluded_lines": 0, "percent_statements_covered": 100.0, "percent_statements_covered_display": "100"}, "missing_lines": [], "excluded_lines": [], "start_line": 21}, "": {"executed_lines": [], "summary": {"covered_lines": 0, "num_statements": 22, "percent_covered": 0.0, "percent_covered_display": "0", "missing_lines": 22, "excluded_lines": 0, "percent_statements_covered": 0.0, "percent_statements_covered_display": "0"}, "missing_lines": [9, 10, 11, 12, 14, 15, 17, 18, 21, 22, 25, 42, 43, 44, 48, 61, 66, 77, 84, 85, 86, 94], "excluded_lines": [], "start_line": 1}}}, "src/georeel/core/osrm_client.py": {"executed_lines": [16, 18, 19, 21, 22, 25, 40, 45, 46, 47, 48, 49, 50, 51, 53, 54, 55], "summary": {"covered_lines": 17, "num_statements": 17, "percent_covered": 100.0, "percent_covered_display": "100", "missing_lines": 0, "excluded_lines": 0, "percent_statements_covered": 100.0, "percent_statements_covered_display": "100"}, "missing_lines": [], "excluded_lines": [], "functions": {"route_waypoints": {"executed_lines": [40, 45, 46, 47, 48, 49, 50, 51, 53, 54, 55], "summary": {"covered_lines": 11, "num_statements": 11, "percent_covered": 100.0, "percent_covered_display": "100", "missing_lines": 0, "excluded_lines": 0, "percent_statements_covered": 100.0, "percent_statements_covered_display": "100"}, "missing_lines": [], "excluded_lines": [], "start_line": 25}, "": {"executed_lines": [16, 18, 19, 21, 22, 25], "summary": {"covered_lines": 6, "num_statements": 6, "percent_covered": 100.0, "percent_covered_display": "100", "missing_lines": 0, "excluded_lines": 0, "percent_statements_covered": 100.0, "percent_statements_covered_display": "100"}, "missing_lines": [], "excluded_lines": [], "start_line": 1}}, "classes": {"": {"executed_lines": [16, 18, 19, 21, 22, 25, 40, 45, 46, 47, 48, 49, 50, 51, 53, 54, 55], "summary": {"covered_lines": 17, "num_statements": 17, "percent_covered": 100.0, "percent_covered_display": "100", "missing_lines": 0, "excluded_lines": 0, "percent_statements_covered": 100.0, "percent_statements_covered_display": "100"}, "missing_lines": [], "excluded_lines": [], "start_line": 1}}}, "src/georeel/core/photo_compositor.py": {"executed_lines": [17, 18, 19, 20, 21, 22, 23, 24, 25, 27, 29, 30, 32, 34, 53, 54, 62, 65, 74, 86, 87, 88, 89, 91, 92, 93, 94, 95, 97, 98, 100, 102, 103, 104, 105, 107, 108, 109, 111, 112, 113, 114, 115, 117, 118, 121, 122, 123, 125, 126, 127, 128, 129, 130, 137, 147, 148, 149, 150, 152, 154, 155, 156, 157, 158, 159, 161, 163, 164, 165, 166, 168, 169, 170, 171, 174, 175, 176, 177, 178, 185, 186, 187, 194, 195, 196, 206, 212, 213, 214, 215, 216, 217, 218, 219, 222, 225, 226, 231, 232, 234, 239, 240, 241, 242, 243, 244, 245, 246, 248, 249, 250, 253, 254, 262, 263, 274, 281, 290, 292, 293, 294, 295, 296, 307, 309, 310, 311, 312, 313, 314, 315, 317, 318, 319, 330, 332, 333, 335, 336, 337, 338, 339, 340, 341, 342, 343, 344, 345, 346, 347, 349, 350, 351, 353, 365, 372, 377, 378, 379, 380, 381, 382, 383, 384, 385, 387, 388, 389, 392, 394, 395, 399, 400, 401, 404, 413, 414, 415, 416, 417, 418, 425, 426, 427, 428, 429, 430, 431, 438, 440, 442, 443, 444, 446, 448, 449, 450, 451, 452, 453], "summary": {"covered_lines": 201, "num_statements": 208, "percent_covered": 96.63461538461539, "percent_covered_display": "97", "missing_lines": 7, "excluded_lines": 0, "percent_statements_covered": 96.63461538461539, "percent_statements_covered_display": "97"}, "missing_lines": [68, 188, 197, 247, 255, 256, 268], "excluded_lines": [], "functions": {"_init_worker_cache": {"executed_lines": [], "summary": {"covered_lines": 0, "num_statements": 1, "percent_covered": 0.0, "percent_covered_display": "0", "missing_lines": 1, "excluded_lines": 0, "percent_statements_covered": 0.0, "percent_statements_covered_display": "0"}, "missing_lines": [68], "excluded_lines": [], "start_line": 65}, "_process_frame_task": {"executed_lines": [86, 87, 88, 89, 91, 92, 93, 94, 95, 97, 98, 100, 102, 103, 104, 105, 107, 108, 109, 111, 112, 113, 114, 115, 117, 118, 121, 122, 123, 125, 126, 127, 128, 129, 130], "summary": {"covered_lines": 35, "num_statements": 35, "percent_covered": 100.0, "percent_covered_display": "100", "missing_lines": 0, "excluded_lines": 0, "percent_statements_covered": 100.0, "percent_statements_covered_display": "100"}, "missing_lines": [], "excluded_lines": [], "start_line": 74}, "composite_photos": {"executed_lines": [147, 148, 149, 150, 152, 154, 155, 156, 157, 158, 159, 161, 163, 164, 165, 166, 168, 169, 170, 171, 174, 175, 176, 177, 178, 185, 186, 187, 194, 195, 196, 206, 212, 213, 214, 215, 216, 217, 218, 219, 222, 225, 226, 231, 232, 234, 239, 240, 241, 242, 243, 244, 245, 246, 248, 249, 250, 253, 254, 262, 263, 274], "summary": {"covered_lines": 62, "num_statements": 68, "percent_covered": 91.17647058823529, "percent_covered_display": "91", "missing_lines": 6, "excluded_lines": 0, "percent_statements_covered": 91.17647058823529, "percent_statements_covered_display": "91"}, "missing_lines": [188, 197, 247, 255, 256, 268], "excluded_lines": [], "start_line": 137}, "_build_frame_tasks": {"executed_lines": [290, 292, 293, 294, 295, 296, 307, 309, 310, 311, 312, 313, 314, 315, 317, 318, 319, 330, 332, 333, 335, 336, 337, 338, 339, 340, 341, 342, 343, 344, 345, 346, 347, 349, 350, 351, 353, 365], "summary": {"covered_lines": 38, "num_statements": 38, "percent_covered": 100.0, "percent_covered_display": "100", "missing_lines": 0, "excluded_lines": 0, "percent_statements_covered": 100.0, "percent_statements_covered_display": "100"}, "missing_lines": [], "excluded_lines": [], "start_line": 281}, "_group_into_runs": {"executed_lines": [377, 378, 379, 380, 381, 382, 383, 384, 385, 387, 388, 389], "summary": {"covered_lines": 12, "num_statements": 12, "percent_covered": 100.0, "percent_covered_display": "100", "missing_lines": 0, "excluded_lines": 0, "percent_statements_covered": 100.0, "percent_statements_covered_display": "100"}, "missing_lines": [], "excluded_lines": [], "start_line": 372}, "_build_blocks": {"executed_lines": [394, 395, 399, 400, 401], "summary": {"covered_lines": 5, "num_statements": 5, "percent_covered": 100.0, "percent_covered_display": "100", "missing_lines": 0, "excluded_lines": 0, "percent_statements_covered": 100.0, "percent_statements_covered_display": "100"}, "missing_lines": [], "excluded_lines": [], "start_line": 392}, "_absorb_photo_gaps": {"executed_lines": [413, 414, 415, 416, 417, 418, 425, 426, 427, 428, 429, 430, 431], "summary": {"covered_lines": 13, "num_statements": 13, "percent_covered": 100.0, "percent_covered_display": "100", "missing_lines": 0, "excluded_lines": 0, "percent_statements_covered": 100.0, "percent_statements_covered_display": "100"}, "missing_lines": [], "excluded_lines": [], "start_line": 404}, "_fit_photo": {"executed_lines": [440, 442, 443, 444, 446, 448, 449, 450, 451, 452, 453], "summary": {"covered_lines": 11, "num_statements": 11, "percent_covered": 100.0, "percent_covered_display": "100", "missing_lines": 0, "excluded_lines": 0, "percent_statements_covered": 100.0, "percent_statements_covered_display": "100"}, "missing_lines": [], "excluded_lines": [], "start_line": 438}, "": {"executed_lines": [17, 18, 19, 20, 21, 22, 23, 24, 25, 27, 29, 30, 32, 34, 53, 54, 62, 65, 74, 137, 281, 372, 392, 404, 438], "summary": {"covered_lines": 25, "num_statements": 25, "percent_covered": 100.0, "percent_covered_display": "100", "missing_lines": 0, "excluded_lines": 0, "percent_statements_covered": 100.0, "percent_statements_covered_display": "100"}, "missing_lines": [], "excluded_lines": [], "start_line": 1}}, "classes": {"CompositorError": {"executed_lines": [], "summary": {"covered_lines": 0, "num_statements": 0, "percent_covered": 100.0, "percent_covered_display": "100", "missing_lines": 0, "excluded_lines": 0, "percent_statements_covered": 100.0, "percent_statements_covered_display": "100"}, "missing_lines": [], "excluded_lines": [], "start_line": 53}, "": {"executed_lines": [17, 18, 19, 20, 21, 22, 23, 24, 25, 27, 29, 30, 32, 34, 53, 54, 62, 65, 74, 86, 87, 88, 89, 91, 92, 93, 94, 95, 97, 98, 100, 102, 103, 104, 105, 107, 108, 109, 111, 112, 113, 114, 115, 117, 118, 121, 122, 123, 125, 126, 127, 128, 129, 130, 137, 147, 148, 149, 150, 152, 154, 155, 156, 157, 158, 159, 161, 163, 164, 165, 166, 168, 169, 170, 171, 174, 175, 176, 177, 178, 185, 186, 187, 194, 195, 196, 206, 212, 213, 214, 215, 216, 217, 218, 219, 222, 225, 226, 231, 232, 234, 239, 240, 241, 242, 243, 244, 245, 246, 248, 249, 250, 253, 254, 262, 263, 274, 281, 290, 292, 293, 294, 295, 296, 307, 309, 310, 311, 312, 313, 314, 315, 317, 318, 319, 330, 332, 333, 335, 336, 337, 338, 339, 340, 341, 342, 343, 344, 345, 346, 347, 349, 350, 351, 353, 365, 372, 377, 378, 379, 380, 381, 382, 383, 384, 385, 387, 388, 389, 392, 394, 395, 399, 400, 401, 404, 413, 414, 415, 416, 417, 418, 425, 426, 427, 428, 429, 430, 431, 438, 440, 442, 443, 444, 446, 448, 449, 450, 451, 452, 453], "summary": {"covered_lines": 201, "num_statements": 208, "percent_covered": 96.63461538461539, "percent_covered_display": "97", "missing_lines": 7, "excluded_lines": 0, "percent_statements_covered": 96.63461538461539, "percent_statements_covered_display": "97"}, "missing_lines": [68, 188, 197, 247, 255, 256, 268], "excluded_lines": [], "start_line": 1}}}, "src/georeel/core/photo_matcher.py": {"executed_lines": [1, 2, 4, 5, 6, 10, 13, 28, 29, 36, 42, 43, 44, 45, 46, 53, 58, 59, 61, 62, 63, 67, 69, 70, 71, 72, 73, 75, 76, 82, 83, 90, 94, 97, 101, 102, 104, 105, 113, 116, 121, 122, 124, 125, 130, 131, 133, 134, 137, 138, 140, 141, 142, 143, 144, 145, 146, 147, 151, 152, 154, 165, 167, 168, 169, 170, 171, 172], "summary": {"covered_lines": 68, "num_statements": 68, "percent_covered": 100.0, "percent_covered_display": "100", "missing_lines": 0, "excluded_lines": 0, "percent_statements_covered": 100.0, "percent_statements_covered_display": "100"}, "missing_lines": [], "excluded_lines": [], "functions": {"match_photos": {"executed_lines": [28, 29], "summary": {"covered_lines": 2, "num_statements": 2, "percent_covered": 100.0, "percent_covered_display": "100", "missing_lines": 0, "excluded_lines": 0, "percent_statements_covered": 100.0, "percent_statements_covered_display": "100"}, "missing_lines": [], "excluded_lines": [], "start_line": 13}, "_match_one": {"executed_lines": [42, 43, 44, 45, 46], "summary": {"covered_lines": 5, "num_statements": 5, "percent_covered": 100.0, "percent_covered_display": "100", "missing_lines": 0, "excluded_lines": 0, "percent_statements_covered": 100.0, "percent_statements_covered_display": "100"}, "missing_lines": [], "excluded_lines": [], "start_line": 36}, "_match_by_timestamp": {"executed_lines": [58, 59, 61, 62, 63, 67, 69, 70, 71, 72, 73, 75, 76, 82, 83, 90, 94], "summary": {"covered_lines": 17, "num_statements": 17, "percent_covered": 100.0, "percent_covered_display": "100", "missing_lines": 0, "excluded_lines": 0, "percent_statements_covered": 100.0, "percent_statements_covered_display": "100"}, "missing_lines": [], "excluded_lines": [], "start_line": 53}, "_match_by_gps": {"executed_lines": [101, 102, 104, 105, 113], "summary": {"covered_lines": 5, "num_statements": 5, "percent_covered": 100.0, "percent_covered_display": "100", "missing_lines": 0, "excluded_lines": 0, "percent_statements_covered": 100.0, "percent_statements_covered_display": "100"}, "missing_lines": [], "excluded_lines": [], "start_line": 97}, "_match_by_both": {"executed_lines": [121, 122, 124, 125, 130, 131, 133, 134, 137, 138, 140, 141, 142, 143, 144, 145, 146, 147, 151, 152, 154], "summary": {"covered_lines": 21, "num_statements": 21, "percent_covered": 100.0, "percent_covered_display": "100", "missing_lines": 0, "excluded_lines": 0, "percent_statements_covered": 100.0, "percent_statements_covered_display": "100"}, "missing_lines": [], "excluded_lines": [], "start_line": 116}, "_haversine": {"executed_lines": [167, 168, 169, 170, 171, 172], "summary": {"covered_lines": 6, "num_statements": 6, "percent_covered": 100.0, "percent_covered_display": "100", "missing_lines": 0, "excluded_lines": 0, "percent_statements_covered": 100.0, "percent_statements_covered_display": "100"}, "missing_lines": [], "excluded_lines": [], "start_line": 165}, "": {"executed_lines": [1, 2, 4, 5, 6, 10, 13, 36, 53, 97, 116, 165], "summary": {"covered_lines": 12, "num_statements": 12, "percent_covered": 100.0, "percent_covered_display": "100", "missing_lines": 0, "excluded_lines": 0, "percent_statements_covered": 100.0, "percent_statements_covered_display": "100"}, "missing_lines": [], "excluded_lines": [], "start_line": 1}}, "classes": {"": {"executed_lines": [1, 2, 4, 5, 6, 10, 13, 28, 29, 36, 42, 43, 44, 45, 46, 53, 58, 59, 61, 62, 63, 67, 69, 70, 71, 72, 73, 75, 76, 82, 83, 90, 94, 97, 101, 102, 104, 105, 113, 116, 121, 122, 124, 125, 130, 131, 133, 134, 137, 138, 140, 141, 142, 143, 144, 145, 146, 147, 151, 152, 154, 165, 167, 168, 169, 170, 171, 172], "summary": {"covered_lines": 68, "num_statements": 68, "percent_covered": 100.0, "percent_covered_display": "100", "missing_lines": 0, "excluded_lines": 0, "percent_statements_covered": 100.0, "percent_statements_covered_display": "100"}, "missing_lines": [], "excluded_lines": [], "start_line": 1}}}, "src/georeel/core/photo_metadata.py": {"executed_lines": [1, 2, 5, 6, 12, 13, 14, 16, 17, 18], "summary": {"covered_lines": 10, "num_statements": 10, "percent_covered": 100.0, "percent_covered_display": "100", "missing_lines": 0, "excluded_lines": 0, "percent_statements_covered": 100.0, "percent_statements_covered_display": "100"}, "missing_lines": [], "excluded_lines": [], "functions": {"PhotoMetadata.has_gps": {"executed_lines": [14], "summary": {"covered_lines": 1, "num_statements": 1, "percent_covered": 100.0, "percent_covered_display": "100", "missing_lines": 0, "excluded_lines": 0, "percent_statements_covered": 100.0, "percent_statements_covered_display": "100"}, "missing_lines": [], "excluded_lines": [], "start_line": 13}, "PhotoMetadata.has_timestamp": {"executed_lines": [18], "summary": {"covered_lines": 1, "num_statements": 1, "percent_covered": 100.0, "percent_covered_display": "100", "missing_lines": 0, "excluded_lines": 0, "percent_statements_covered": 100.0, "percent_statements_covered_display": "100"}, "missing_lines": [], "excluded_lines": [], "start_line": 17}, "": {"executed_lines": [1, 2, 5, 6, 12, 13, 16, 17], "summary": {"covered_lines": 8, "num_statements": 8, "percent_covered": 100.0, "percent_covered_display": "100", "missing_lines": 0, "excluded_lines": 0, "percent_statements_covered": 100.0, "percent_statements_covered_display": "100"}, "missing_lines": [], "excluded_lines": [], "start_line": 1}}, "classes": {"PhotoMetadata": {"executed_lines": [14, 18], "summary": {"covered_lines": 2, "num_statements": 2, "percent_covered": 100.0, "percent_covered_display": "100", "missing_lines": 0, "excluded_lines": 0, "percent_statements_covered": 100.0, "percent_statements_covered_display": "100"}, "missing_lines": [], "excluded_lines": [], "start_line": 6}, "": {"executed_lines": [1, 2, 5, 6, 12, 13, 16, 17], "summary": {"covered_lines": 8, "num_statements": 8, "percent_covered": 100.0, "percent_covered_display": "100", "missing_lines": 0, "excluded_lines": 0, "percent_statements_covered": 100.0, "percent_statements_covered_display": "100"}, "missing_lines": [], "excluded_lines": [], "start_line": 1}}}, "src/georeel/core/photo_store.py": {"executed_lines": [1, 4, 7, 9, 10, 11, 12, 13, 15, 16, 18, 19, 20, 22, 23, 33, 34, 44, 45, 47, 48, 50, 51, 53, 54, 55, 57, 58, 59], "summary": {"covered_lines": 29, "num_statements": 29, "percent_covered": 100.0, "percent_covered_display": "100", "missing_lines": 0, "excluded_lines": 0, "percent_statements_covered": 100.0, "percent_statements_covered_display": "100"}, "missing_lines": [], "excluded_lines": [], "functions": {"PhotoStore.instance": {"executed_lines": [11, 12, 13], "summary": {"covered_lines": 3, "num_statements": 3, "percent_covered": 100.0, "percent_covered_display": "100", "missing_lines": 0, "excluded_lines": 0, "percent_statements_covered": 100.0, "percent_statements_covered_display": "100"}, "missing_lines": [], "excluded_lines": [], "start_line": 10}, "PhotoStore.__init__": {"executed_lines": [16], "summary": {"covered_lines": 1, "num_statements": 1, "percent_covered": 100.0, "percent_covered_display": "100", "missing_lines": 0, "excluded_lines": 0, "percent_statements_covered": 100.0, "percent_statements_covered_display": "100"}, "missing_lines": [], "excluded_lines": [], "start_line": 15}, "PhotoStore.add": {"executed_lines": [19, 20], "summary": {"covered_lines": 2, "num_statements": 2, "percent_covered": 100.0, "percent_covered_display": "100", "missing_lines": 0, "excluded_lines": 0, "percent_statements_covered": 100.0, "percent_statements_covered_display": "100"}, "missing_lines": [], "excluded_lines": [], "start_line": 18}, "PhotoStore.update_timestamp": {"executed_lines": [23], "summary": {"covered_lines": 1, "num_statements": 1, "percent_covered": 100.0, "percent_covered_display": "100", "missing_lines": 0, "excluded_lines": 0, "percent_statements_covered": 100.0, "percent_statements_covered_display": "100"}, "missing_lines": [], "excluded_lines": [], "start_line": 22}, "PhotoStore.update_gps": {"executed_lines": [34], "summary": {"covered_lines": 1, "num_statements": 1, "percent_covered": 100.0, "percent_covered_display": "100", "missing_lines": 0, "excluded_lines": 0, "percent_statements_covered": 100.0, "percent_statements_covered_display": "100"}, "missing_lines": [], "excluded_lines": [], "start_line": 33}, "PhotoStore.remove": {"executed_lines": [45], "summary": {"covered_lines": 1, "num_statements": 1, "percent_covered": 100.0, "percent_covered_display": "100", "missing_lines": 0, "excluded_lines": 0, "percent_statements_covered": 100.0, "percent_statements_covered_display": "100"}, "missing_lines": [], "excluded_lines": [], "start_line": 44}, "PhotoStore.all": {"executed_lines": [48], "summary": {"covered_lines": 1, "num_statements": 1, "percent_covered": 100.0, "percent_covered_display": "100", "missing_lines": 0, "excluded_lines": 0, "percent_statements_covered": 100.0, "percent_statements_covered_display": "100"}, "missing_lines": [], "excluded_lines": [], "start_line": 47}, "PhotoStore.clear": {"executed_lines": [51], "summary": {"covered_lines": 1, "num_statements": 1, "percent_covered": 100.0, "percent_covered_display": "100", "missing_lines": 0, "excluded_lines": 0, "percent_statements_covered": 100.0, "percent_statements_covered_display": "100"}, "missing_lines": [], "excluded_lines": [], "start_line": 50}, "PhotoStore.all_have_timestamp": {"executed_lines": [55], "summary": {"covered_lines": 1, "num_statements": 1, "percent_covered": 100.0, "percent_covered_display": "100", "missing_lines": 0, "excluded_lines": 0, "percent_statements_covered": 100.0, "percent_statements_covered_display": "100"}, "missing_lines": [], "excluded_lines": [], "start_line": 54}, "PhotoStore.all_have_gps": {"executed_lines": [59], "summary": {"covered_lines": 1, "num_statements": 1, "p
[...]
, 432, 439, 440, 442, 445, 457, 459, 461, 462, 463, 464, 467, 469, 471, 472, 473, 474, 477, 478, 479, 480, 481, 491, 492, 493, 494, 495, 498, 501, 506, 507, 510, 515, 531, 532, 533, 534, 536, 538, 539, 540, 541, 544, 545, 546, 549, 550, 551, 552, 553, 554, 557, 558, 559, 561, 562, 563, 564, 565, 566, 567, 568, 569, 571, 573, 578, 579, 581, 582, 583, 586, 587, 588, 589, 590, 591, 594, 595, 596, 597, 601, 602, 603, 604, 605, 607, 608, 609, 611, 612, 615, 616, 617, 618, 620, 633, 640, 641, 642, 645, 663, 665, 666, 669, 670, 672, 679, 680, 682, 689, 690, 691, 692, 694, 695, 696, 697, 698, 699, 700, 701, 702, 703, 705, 706, 710, 711, 712, 713, 714, 718, 719, 721, 722, 723, 724, 725, 726, 729, 730, 731, 733, 734, 736, 737, 738, 739, 740, 741, 742, 744, 746, 751, 752, 754, 755, 757, 758, 759, 761, 762, 763, 764, 767, 768, 769, 770, 772, 775, 776, 777, 778, 779, 780, 782, 797, 804, 805, 806], "excluded_lines": [], "start_line": 1}}}, "src/georeel/core/sun_position.py": {"executed_lines": [8, 9, 12, 20, 21, 22, 25, 26, 27, 30, 33, 36, 43, 46, 49, 52, 53, 54, 63, 64, 65, 67, 70, 74, 77, 78, 81, 84, 85, 86, 88, 91, 97, 98, 99, 100, 101, 102], "summary": {"covered_lines": 38, "num_statements": 39, "percent_covered": 97.43589743589743, "percent_covered_display": "97", "missing_lines": 1, "excluded_lines": 0, "percent_statements_covered": 97.43589743589743, "percent_statements_covered_display": "97"}, "missing_lines": [79], "excluded_lines": [], "functions": {"sun_angles": {"executed_lines": [20, 21, 22, 25, 26, 27, 30, 33, 36, 43, 46, 49, 52, 53, 54, 63, 64, 65, 67, 70, 74, 77, 78, 81, 84, 85, 86, 88], "summary": {"covered_lines": 28, "num_statements": 29, "percent_covered": 96.55172413793103, "percent_covered_display": "97", "missing_lines": 1, "excluded_lines": 0, "percent_statements_covered": 96.55172413793103, "percent_statements_covered_display": "97"}, "missing_lines": [79], "excluded_lines": [], "start_line": 12}, "sun_direction_vector": {"executed_lines": [97, 98, 99, 100, 101, 102], "summary": {"covered_lines": 6, "num_statements": 6, "percent_covered": 100.0, "percent_covered_display": "100", "missing_lines": 0, "excluded_lines": 0, "percent_statements_covered": 100.0, "percent_statements_covered_display": "100"}, "missing_lines": [], "excluded_lines": [], "start_line": 91}, "": {"executed_lines": [8, 9, 12, 91], "summary": {"covered_lines": 4, "num_statements": 4, "percent_covered": 100.0, "percent_covered_display": "100", "missing_lines": 0, "excluded_lines": 0, "percent_statements_covered": 100.0, "percent_statements_covered_display": "100"}, "missing_lines": [], "excluded_lines": [], "start_line": 1}}, "classes": {"": {"executed_lines": [8, 9, 12, 20, 21, 22, 25, 26, 27, 30, 33, 36, 43, 46, 49, 52, 53, 54, 63, 64, 65, 67, 70, 74, 77, 78, 81, 84, 85, 86, 88, 91, 97, 98, 99, 100, 101, 102], "summary": {"covered_lines": 38, "num_statements": 39, "percent_covered": 97.43589743589743, "percent_covered_display": "97", "missing_lines": 1, "excluded_lines": 0, "percent_statements_covered": 97.43589743589743, "percent_statements_covered_display": "97"}, "missing_lines": [79], "excluded_lines": [], "start_line": 1}}}, "src/georeel/core/trackpoint.py": {"executed_lines": [1, 2, 5, 6], "summary": {"covered_lines": 4, "num_statements": 4, "percent_covered": 100.0, "percent_covered_display": "100", "missing_lines": 0, "excluded_lines": 0, "percent_statements_covered": 100.0, "percent_statements_covered_display": "100"}, "missing_lines": [], "excluded_lines": [], "functions": {"": {"executed_lines": [1, 2, 5, 6], "summary": {"covered_lines": 4, "num_statements": 4, "percent_covered": 100.0, "percent_covered_display": "100", "missing_lines": 0, "excluded_lines": 0, "percent_statements_covered": 100.0, "percent_statements_covered_display": "100"}, "missing_lines": [], "excluded_lines": [], "start_line": 1}}, "classes": {"Trackpoint": {"executed_lines": [], "summary": {"covered_lines": 0, "num_statements": 0, "percent_covered": 100.0, "percent_covered_display": "100", "missing_lines": 0, "excluded_lines": 0, "percent_statements_covered": 100.0, "percent_statements_covered_display": "100"}, "missing_lines": [], "excluded_lines": [], "start_line": 6}, "": {"executed_lines": [1, 2, 5, 6], "summary": {"covered_lines": 4, "num_statements": 4, "percent_covered": 100.0, "percent_covered_display": "100", "missing_lines": 0, "excluded_lines": 0, "percent_statements_covered": 100.0, "percent_statements_covered_display": "100"}, "missing_lines": [], "excluded_lines": [], "start_line": 1}}}, "src/georeel/core/video_assembler.py": {"executed_lines": [7, 8, 9, 10, 11, 12, 13, 14, 15, 17, 20, 21, 24, 36, 37, 38, 42, 43, 44, 45, 47, 48, 49, 50, 53, 54, 55, 56, 59, 60, 61, 74, 75, 76, 77, 78, 81, 82, 93, 94, 96, 102, 104, 121, 125, 127, 128, 132, 150, 151, 152, 160, 164, 166, 167, 168, 175, 176, 177, 179, 180, 181, 183, 184, 185, 186, 187, 189, 190, 191, 192, 193, 195, 196, 198, 201, 202, 204, 205, 209, 210, 212, 213, 214, 219, 220, 227, 234, 236, 237, 238, 239, 241, 243, 244, 245, 247, 248, 249, 252, 253, 254, 259, 277, 278, 280, 281, 283, 284, 285, 286, 288, 289, 294, 295, 296, 297, 298, 299, 300, 307, 308, 310, 316, 317, 318, 321, 322, 323, 326, 328, 329, 333, 334, 335, 336, 339, 343, 344, 345, 346, 347, 348, 349, 350, 353, 384, 385, 387, 388, 389, 390, 391, 392, 393, 394, 395, 396, 397, 398, 399, 401, 402, 404, 405, 407, 409, 410, 411, 412, 415, 422, 423, 424, 431, 432, 435, 436, 437, 440, 441, 442, 443, 446, 447, 450, 451, 452, 453, 455, 457, 458, 459, 460, 462, 464, 467, 468, 469, 470, 472, 473, 474, 479, 481, 482, 483, 484, 492, 498, 500, 501, 505, 506, 507, 512, 516, 518, 519, 521, 522, 529, 531, 532, 533, 535, 536, 541, 544, 545, 547, 548, 553, 558, 559, 567, 568, 569, 570, 571, 572, 573, 574, 577, 583, 600, 601, 604, 605, 608, 609, 613, 614, 615, 617, 618, 619, 622, 623, 624, 625, 626, 627, 628, 629, 631, 634, 635, 636, 638, 639, 640, 641, 642, 643, 644, 645, 646, 648, 649, 650, 656, 657, 658, 659, 661, 664, 665, 666, 668, 670, 672, 675, 676, 678, 681, 685, 688, 689, 690, 691, 692, 696, 699, 702, 703, 704, 705, 707, 708, 709, 712, 713, 716, 717, 718, 719, 722, 723, 725, 726, 728, 731, 734, 737, 740, 741, 742, 743, 744, 745, 752, 755, 757, 758, 761, 762, 763, 764, 771, 773, 774, 775, 776, 779, 781, 782, 783, 784, 785, 786, 789, 790, 791, 792, 794, 795, 796], "summary": {"covered_lines": 358, "num_statements": 406, "percent_covered": 88.17733990147784, "percent_covered_display": "88", "missing_lines": 48, "excluded_lines": 0, "percent_statements_covered": 88.17733990147784, "percent_statements_covered_display": "88"}, "missing_lines": [83, 85, 86, 89, 90, 91, 97, 98, 99, 100, 105, 110, 117, 197, 199, 250, 251, 255, 256, 413, 414, 425, 426, 427, 428, 429, 487, 488, 489, 490, 491, 502, 503, 513, 514, 523, 524, 527, 528, 542, 575, 606, 610, 611, 677, 679, 682, 683], "excluded_lines": [], "functions": {"assemble_video": {"executed_lines": [36, 37, 38, 42, 43, 44, 45, 47, 48, 49, 50, 53, 54, 55, 56, 59, 60, 61, 74, 75, 76, 77, 78, 81, 82, 93, 94, 96, 102, 104, 121, 125, 127, 128, 132, 150, 151, 152, 160, 164, 166, 167, 168, 175, 176, 177, 179, 180, 181, 183, 184, 185, 186, 187, 189, 190, 191, 192, 193, 195, 196, 198, 201, 202, 204, 205, 209, 210, 212, 213, 214, 219, 220], "summary": {"covered_lines": 73, "num_statements": 88, "percent_covered": 82.95454545454545, "percent_covered_display": "83", "missing_lines": 15, "excluded_lines": 0, "percent_statements_covered": 82.95454545454545, "percent_statements_covered_display": "83"}, "missing_lines": [83, 85, 86, 89, 90, 91, 97, 98, 99, 100, 105, 110, 117, 197, 199], "excluded_lines": [], "start_line": 24}, "_prepend_black_frames": {"executed_lines": [234, 236, 237, 238, 239, 241, 243, 244, 245, 247, 248, 249, 252, 253, 254], "summary": {"covered_lines": 15, "num_statements": 19, "percent_covered": 78.94736842105263, "percent_covered_display": "79", "missing_lines": 4, "excluded_lines": 0, "percent_statements_covered": 78.94736842105263, "percent_statements_covered_display": "79"}, "missing_lines": [250, 251, 255, 256], "excluded_lines": [], "start_line": 227}, "_fade_filters": {"executed_lines": [277, 278, 280, 281, 283, 284, 285, 286, 288, 289, 294, 295, 296, 297, 298, 299, 300, 307, 308, 310, 316, 317, 318, 321, 322, 323], "summary": {"covered_lines": 26, "num_statements": 26, "percent_covered": 100.0, "percent_covered_display": "100", "missing_lines": 0, "excluded_lines": 0, "percent_statements_covered": 100.0, "percent_statements_covered_display": "100"}, "missing_lines": [], "excluded_lines": [], "start_line": 259}, "_resolve_fontfile": {"executed_lines": [328, 329, 333, 334, 335, 336], "summary": {"covered_lines": 6, "num_statements": 6, "percent_covered": 100.0, "percent_covered_display": "100", "missing_lines": 0, "excluded_lines": 0, "percent_statements_covered": 100.0, "percent_statements_covered_display": "100"}, "missing_lines": [], "excluded_lines": [], "start_line": 326}, "_title_alpha": {"executed_lines": [343, 344, 345, 346, 347, 348, 349, 350], "summary": {"covered_lines": 8, "num_statements": 8, "percent_covered": 100.0, "percent_covered_display": "100", "missing_lines": 0, "excluded_lines": 0, "percent_statements_covered": 100.0, "percent_statements_covered_display": "100"}, "missing_lines": [], "excluded_lines": [], "start_line": 339}, "_composite_title_frames": {"executed_lines": [384, 385, 387, 388, 389, 390, 391, 392, 393, 394, 395, 396, 397, 398, 399, 401, 402, 404, 405, 407, 409, 410, 411, 412, 415, 422, 423, 424, 431, 432, 435, 436, 437, 440, 441, 442, 443, 446, 447, 450, 451, 452, 453, 455, 457, 458, 459, 460, 462, 464, 467, 468, 469, 470, 472, 473, 474, 479, 481, 498, 567, 568, 569, 570, 571, 572, 573, 574, 577], "summary": {"covered_lines": 69, "num_statements": 77, "percent_covered": 89.6103896103896, "percent_covered_display": "90", "missing_lines": 8, "excluded_lines": 0, "percent_statements_covered": 89.6103896103896, "percent_statements_covered_display": "90"}, "missing_lines": [413, 414, 425, 426, 427, 428, 429, 575], "excluded_lines": [], "start_line": 353}, "_composite_title_frames._thread_font": {"executed_lines": [482, 483, 484, 492], "summary": {"covered_lines": 4, "num_statements": 9, "percent_covered": 44.44444444444444, "percent_covered_display": "44", "missing_lines": 5, "excluded_lines": 0, "percent_statements_covered": 44.44444444444444, "percent_statements_covered_display": "44"}, "missing_lines": [487, 488, 489, 490, 491], "excluded_lines": [], "start_line": 481}, "_composite_title_frames._process_frame": {"executed_lines": [500, 501, 505, 506, 507, 512, 516, 518, 519, 521, 522, 529, 531, 532, 533, 535, 536, 541, 544, 545, 547, 548, 553, 558, 559], "summary": {"covered_lines": 25, "num_statements": 34, "percent_covered": 73.52941176470588, "percent_covered_display": "74", "missing_lines": 9, "excluded_lines": 0, "percent_statements_covered": 73.52941176470588, "percent_statements_covered_display": "74"}, "missing_lines": [502, 503, 513, 514, 523, 524, 527, 528, 542], "excluded_lines": [], "start_line": 498}, "_music_audio_cmd_parts": {"executed_lines": [600, 601, 604, 605, 608, 609, 613, 614, 615, 617, 618, 619, 622, 623, 624, 625, 626, 627, 628, 629, 631, 634, 635, 636, 638, 639, 640, 641, 642, 643, 644, 645, 646, 648, 649, 650, 656, 657, 658, 659, 661, 664, 665, 666, 668, 670, 672, 675, 676, 678, 681, 685, 688, 689, 690, 691, 692, 696, 699, 702, 703, 704, 705, 707, 708, 709], "summary": {"covered_lines": 66, "num_statements": 73, "percent_covered": 90.41095890410959, "percent_covered_display": "90", "missing_lines": 7, "excluded_lines": 0, "percent_statements_covered": 90.41095890410959, "percent_statements_covered_display": "90"}, "missing_lines": [606, 610, 611, 677, 679, 682, 683], "excluded_lines": [], "start_line": 583}, "_quality_args": {"executed_lines": [713, 716, 717, 718, 719, 722, 723, 725, 726, 728], "summary": {"covered_lines": 10, "num_statements": 10, "percent_covered": 100.0, "percent_covered_display": "100", "missing_lines": 0, "excluded_lines": 0, "percent_statements_covered": 100.0, "percent_statements_covered_display": "100"}, "missing_lines": [], "excluded_lines": [], "start_line": 712}, "_pix_fmt_args": {"executed_lines": [734], "summary": {"covered_lines": 1, "num_statements": 1, "percent_covered": 100.0, "percent_covered_display": "100", "missing_lines": 0, "excluded_lines": 0, "percent_statements_covered": 100.0, "percent_statements_covered_display": "100"}, "missing_lines": [], "excluded_lines": [], "start_line": 731}, "_attach_args": {"executed_lines": [741, 742, 743, 744, 745], "summary": {"covered_lines": 5, "num_statements": 5, "percent_covered": 100.0, "percent_covered_display": "100", "missing_lines": 0, "excluded_lines": 0, "percent_statements_covered": 100.0, "percent_statements_covered_display": "100"}, "missing_lines": [], "excluded_lines": [], "start_line": 740}, "_serialise_settings": {"executed_lines": [757, 758], "summary": {"covered_lines": 2, "num_statements": 2, "percent_covered": 100.0, "percent_covered_display": "100", "missing_lines": 0, "excluded_lines": 0, "percent_statements_covered": 100.0, "percent_statements_covered_display": "100"}, "missing_lines": [], "excluded_lines": [], "start_line": 755}, "_attach_settings_args": {"executed_lines": [762, 763, 764], "summary": {"covered_lines": 3, "num_statements": 3, "percent_covered": 100.0, "percent_covered_display": "100", "missing_lines": 0, "excluded_lines": 0, "percent_statements_covered": 100.0, "percent_statements_covered_display": "100"}, "missing_lines": [], "excluded_lines": [], "start_line": 761}, "_write_settings": {"executed_lines": [773, 774, 775, 776], "summary": {"covered_lines": 4, "num_statements": 4, "percent_covered": 100.0, "percent_covered_display": "100", "missing_lines": 0, "excluded_lines": 0, "percent_statements_covered": 100.0, "percent_statements_covered_display": "100"}, "missing_lines": [], "excluded_lines": [], "start_line": 771}, "_copy_gpx_alongside": {"executed_lines": [781, 782, 783, 784, 785, 786], "summary": {"covered_lines": 6, "num_statements": 6, "percent_covered": 100.0, "percent_covered_display": "100", "missing_lines": 0, "excluded_lines": 0, "percent_statements_covered": 100.0, "percent_statements_covered_display": "100"}, "missing_lines": [], "excluded_lines": [], "start_line": 779}, "_container_args": {"executed_lines": [790, 791, 792, 794, 795, 796], "summary": {"covered_lines": 6, "num_statements": 6, "percent_covered": 100.0, "percent_covered_display": "100", "missing_lines": 0, "excluded_lines": 0, "percent_statements_covered": 100.0, "percent_statements_covered_display": "100"}, "missing_lines": [], "excluded_lines": [], "start_line": 789}, "": {"executed_lines": [7, 8, 9, 10, 11, 12, 13, 14, 15, 17, 20, 21, 24, 227, 259, 326, 339, 353, 583, 712, 731, 737, 740, 752, 755, 761, 771, 779, 789], "summary": {"covered_lines": 29, "num_statements": 29, "percent_covered": 100.0, "percent_covered_display": "100", "missing_lines": 0, "excluded_lines": 0, "percent_statements_covered": 100.0, "percent_statements_covered_display": "100"}, "missing_lines": [], "excluded_lines": [], "start_line": 1}}, "classes": {"VideoAssembleError": {"executed_lines": [], "summary": {"covered_lines": 0, "num_statements": 0, "percent_covered": 100.0, "percent_covered_display": "100", "missing_lines": 0, "excluded_lines": 0, "percent_statements_covered": 100.0, "percent_statements_covered_display": "100"}, "missing_lines": [], "excluded_lines": [], "start_line": 20}, "": {"executed_lines": [7, 8, 9, 10, 11, 12, 13, 14, 15, 17, 20, 21, 24, 36, 37, 38, 42, 43, 44, 45, 47, 48, 49, 50, 53, 54, 55, 56, 59, 60, 61, 74, 75, 76, 77, 78, 81, 82, 93, 94, 96, 102, 104, 121, 125, 127, 128, 132, 150, 151, 152, 160, 164, 166, 167, 168, 175, 176, 177, 179, 180, 181, 183, 184, 185, 186, 187, 189, 190, 191, 192, 193, 195, 196, 198, 201, 202, 204, 205, 209, 210, 212, 213, 214, 219, 220, 227, 234, 236, 237, 238, 239, 241, 243, 244, 245, 247, 248, 249, 252, 253, 254, 259, 277, 278, 280, 281, 283, 284, 285, 286, 288, 289, 294, 295, 296, 297, 298, 299, 300, 307, 308, 310, 316, 317, 318, 321, 322, 323, 326, 328, 329, 333, 334, 335, 336, 339, 343, 344, 345, 346, 347, 348, 349, 350, 353, 384, 385, 387, 388, 389, 390, 391, 392, 393, 394, 395, 396, 397, 398, 399, 401, 402, 404, 405, 407, 409, 410, 411, 412, 415, 422, 423, 424, 431, 432, 435, 436, 437, 440, 441, 442, 443, 446, 447, 450, 451, 452, 453, 455, 457, 458, 459, 460, 462, 464, 467, 468, 469, 470, 472, 473, 474, 479, 481, 482, 483, 484, 492, 498, 500, 501, 505, 506, 507, 512, 516, 518, 519, 521, 522, 529, 531, 532, 533, 535, 536, 541, 544, 545, 547, 548, 553, 558, 559, 567, 568, 569, 570, 571, 572, 573, 574, 577, 583, 600, 601, 604, 605, 608, 609, 613, 614, 615, 617, 618, 619, 622, 623, 624, 625, 626, 627, 628, 629, 631, 634, 635, 636, 638, 639, 640, 641, 642, 643, 644, 645, 646, 648, 649, 650, 656, 657, 658, 659, 661, 664, 665, 666, 668, 670, 672, 675, 676, 678, 681, 685, 688, 689, 690, 691, 692, 696, 699, 702, 703, 704, 705, 707, 708, 709, 712, 713, 716, 717, 718, 719, 722, 723, 725, 726, 728, 731, 734, 737, 740, 741, 742, 743, 744, 745, 752, 755, 757, 758, 761, 762, 763, 764, 771, 773, 774, 775, 776, 779, 781, 782, 783, 784, 785, 786, 789, 790, 791, 792, 794, 795, 796], "summary": {"covered_lines": 358, "num_statements": 406, "percent_covered": 88.17733990147784, "percent_covered_display": "88", "missing_lines": 48, "excluded_lines": 0, "percent_statements_covered": 88.17733990147784, "percent_statements_covered_display": "88"}, "missing_lines": [83, 85, 86, 89, 90, 91, 97, 98, 99, 100, 105, 110, 117, 197, 199, 250, 251, 255, 256, 413, 414, 425, 426, 427, 428, 429, 487, 488, 489, 490, 491, 502, 503, 513, 514, 523, 524, 527, 528, 542, 575, 606, 610, 611, 677, 679, 682, 683], "excluded_lines": [], "start_line": 1}}}, "src/georeel/main.py": {"executed_lines": [], "summary": {"covered_lines": 0, "num_statements": 21, "percent_covered": 0.0, "percent_covered_display": "0", "missing_lines": 21, "excluded_lines": 0, "percent_statements_covered": 0.0, "percent_statements_covered_display": "0"}, "missing_lines": [1, 2, 3, 5, 6, 8, 10, 13, 14, 22, 23, 24, 25, 26, 27, 28, 29, 30, 31, 34, 35], "excluded_lines": [], "functions": {"_setup_logging": {"executed_lines": [], "summary": {"covered_lines": 0, "num_statements": 1, "percent_covered": 0.0, "percent_covered_display": "0", "missing_lines": 1, "excluded_lines": 0, "percent_statements_covered": 0.0, "percent_statements_covered_display": "0"}, "missing_lines": [14], "excluded_lines": [], "start_line": 13}, "main": {"executed_lines": [], "summary": {"covered_lines": 0, "num_statements": 9, "percent_covered": 0.0, "percent_covered_display": "0", "missing_lines": 9, "excluded_lines": 0, "percent_statements_covered": 0.0, "percent_statements_covered_display": "0"}, "missing_lines": [23, 24, 25, 26, 27, 28, 29, 30, 31], "excluded_lines": [], "start_line": 22}, "": {"executed_lines": [], "summary": {"covered_lines": 0, "num_statements": 11, "percent_covered": 0.0, "percent_covered_display": "0", "missing_lines": 11, "excluded_lines": 0, "percent_statements_covered": 0.0, "percent_statements_covered_display": "0"}, "missing_lines": [1, 2, 3, 5, 6, 8, 10, 13, 22, 34, 35], "excluded_lines": [], "start_line": 1}}, "classes": {"": {"executed_lines": [], "summary": {"covered_lines": 0, "num_statements": 21, "percent_covered": 0.0, "percent_covered_display": "0", "missing_lines": 21, "excluded_lines": 0, "percent_statements_covered": 0.0, "percent_statements_covered_display": "0"}, "missing_lines": [1, 2, 3, 5, 6, 8, 10, 13, 14, 22, 23, 24, 25, 26, 27, 28, 29, 30, 31, 34, 35], "excluded_lines": [], "start_line": 1}}}}, "totals": {"covered_lines": 1747, "num_statements": 3042, "percent_covered": 57.4293228139382, "percent_covered_display": "57", "missing_lines": 1295, "excluded_lines": 2, "percent_statements_covered": 57.4293228139382, "percent_statements_covered_display": "57"}}